
===========================================================================
report_checks -unconstrained
===========================================================================
======================= Typical Corner ===================================

Startpoint: B[1] (input port clocked by clk)
Endpoint: _127_ (rising edge-triggered flip-flop clocked by clk)
Path Group: clk
Path Type: max

Fanout     Cap    Slew   Delay    Time   Description
-----------------------------------------------------------------------------
                  0.15    0.00    0.00   clock clk (rise edge)
                          0.00    0.00   clock network delay (ideal)
                          2.00    2.00 v input external delay
                  0.01    0.00    2.00 v B[1] (in)
     1    0.00                           B[1] (net)
                  0.01    0.00    2.00 v input6/A (sky130_fd_sc_hd__dlymetal6s2s_1)
                  0.09    0.18    2.18 v input6/X (sky130_fd_sc_hd__dlymetal6s2s_1)
     6    0.02                           net6 (net)
                  0.09    0.00    2.19 v _096_/B (sky130_fd_sc_hd__or2_1)
                  0.07    0.25    2.44 v _096_/X (sky130_fd_sc_hd__or2_1)
     3    0.01                           _036_ (net)
                  0.07    0.00    2.44 v _097_/A2 (sky130_fd_sc_hd__a21oi_1)
                  0.23    0.25    2.69 ^ _097_/Y (sky130_fd_sc_hd__a21oi_1)
     3    0.01                           _037_ (net)
                  0.23    0.00    2.69 ^ _100_/B (sky130_fd_sc_hd__nor3_1)
                  0.08    0.12    2.81 v _100_/Y (sky130_fd_sc_hd__nor3_1)
     3    0.01                           _040_ (net)
                  0.08    0.00    2.81 v _116_/A2 (sky130_fd_sc_hd__o211a_1)
                  0.04    0.22    3.03 v _116_/X (sky130_fd_sc_hd__o211a_1)
     1    0.00                           _055_ (net)
                  0.04    0.00    3.03 v _117_/B1 (sky130_fd_sc_hd__a311o_1)
                  0.05    0.32    3.35 v _117_/X (sky130_fd_sc_hd__a311o_1)
     1    0.00                           _056_ (net)
                  0.05    0.00    3.35 v _123_/A1 (sky130_fd_sc_hd__a311oi_1)
                  0.21    0.22    3.57 ^ _123_/Y (sky130_fd_sc_hd__a311oi_1)
     1    0.00                           _003_ (net)
                  0.21    0.00    3.57 ^ _127_/D (sky130_fd_sc_hd__dfxtp_1)
                                  3.57   data arrival time

                  0.15   10.00   10.00   clock clk (rise edge)
                          0.00   10.00   clock network delay (ideal)
                         -0.25    9.75   clock uncertainty
                          0.00    9.75   clock reconvergence pessimism
                                  9.75 ^ _127_/CLK (sky130_fd_sc_hd__dfxtp_1)
                         -0.08    9.67   library setup time
                                  9.67   data required time
-----------------------------------------------------------------------------
                                  9.67   data required time
                                 -3.57   data arrival time
-----------------------------------------------------------------------------
                                  6.11   slack (MET)




===========================================================================
report_checks --slack_max -0.01
============================================================================
======================= Typical Corner ===================================

No paths found.


===========================================================================
 report_check_types -max_slew -max_cap -max_fanout -violators
============================================================================
======================= Typical Corner ===================================



===========================================================================
report_parasitic_annotation -report_unannotated
============================================================================
Found 95 unannotated drivers.
 A[0]
 A[1]
 A[2]
 A[3]
 B[0]
 B[1]
 B[2]
 B[3]
 clk
 rst
 sel[0]
 sel[1]
 sel[2]
 _062_/X
 _063_/X
 _064_/Y
 _065_/X
 _066_/X
 _067_/Y
 _068_/X
 _069_/X
 _070_/X
 _071_/X
 _072_/X
 _073_/X
 _074_/X
 _075_/X
 _076_/X
 _077_/X
 _078_/Y
 _079_/X
 _080_/Y
 _081_/X
 _082_/Y
 _083_/X
 _084_/X
 _085_/X
 _086_/X
 _087_/Y
 _088_/Y
 _089_/X
 _090_/X
 _091_/Y
 _092_/Y
 _093_/Y
 _094_/Y
 _095_/Y
 _096_/X
 _097_/Y
 _098_/X
 _099_/X
 _100_/Y
 _101_/Y
 _102_/Y
 _103_/Y
 _104_/X
 _105_/X
 _106_/Y
 _107_/Y
 _108_/Y
 _109_/Y
 _110_/Y
 _111_/Y
 _112_/X
 _113_/X
 _114_/Y
 _115_/Y
 _116_/X
 _117_/X
 _118_/X
 _119_/X
 _120_/X
 _121_/Y
 _122_/Y
 _123_/Y
 _124_/Q
 _125_/Q
 _126_/Q
 _127_/Q
 input1/X
 input10/X
 input11/X
 input12/X
 input2/X
 input3/X
 input4/X
 input5/X
 input6/X
 input7/X
 input8/X
 input9/X
 output13/X
 output14/X
 output15/X
 output16/X
Found 0 partially unannotated drivers.

===========================================================================
max slew violation count 0
max fanout violation count 0
max cap violation count 0
============================================================================

===========================================================================
check_setup -verbose -unconstrained_endpoints -multiple_clock -no_clock -no_input_delay -loops -generated_clocks
===========================================================================
