
===========================================================================
report_checks -path_delay max (Setup)
============================================================================
======================= Typical Corner ===================================

Startpoint: B[1] (input port clocked by clk)
Endpoint: _127_ (rising edge-triggered flip-flop clocked by clk)
Path Group: clk
Path Type: max

Fanout     Cap    Slew   Delay    Time   Description
-----------------------------------------------------------------------------
                  0.15    0.00    0.00   clock clk (rise edge)
                          0.00    0.00   clock network delay (ideal)
                          2.00    2.00 v input external delay
                  0.01    0.00    2.00 v B[1] (in)
     1    0.00                           B[1] (net)
                  0.01    0.00    2.00 v input6/A (sky130_fd_sc_hd__dlymetal6s2s_1)
                  0.09    0.18    2.18 v input6/X (sky130_fd_sc_hd__dlymetal6s2s_1)
     6    0.02                           net6 (net)
                  0.09    0.00    2.19 v _096_/B (sky130_fd_sc_hd__or2_1)
                  0.07    0.25    2.44 v _096_/X (sky130_fd_sc_hd__or2_1)
     3    0.01                           _036_ (net)
                  0.07    0.00    2.44 v _097_/A2 (sky130_fd_sc_hd__a21oi_1)
                  0.23    0.25    2.69 ^ _097_/Y (sky130_fd_sc_hd__a21oi_1)
     3    0.01                           _037_ (net)
                  0.23    0.00    2.69 ^ _100_/B (sky130_fd_sc_hd__nor3_1)
                  0.08    0.12    2.81 v _100_/Y (sky130_fd_sc_hd__nor3_1)
     3    0.01                           _040_ (net)
                  0.08    0.00    2.81 v _116_/A2 (sky130_fd_sc_hd__o211a_1)
                  0.04    0.22    3.03 v _116_/X (sky130_fd_sc_hd__o211a_1)
     1    0.00                           _055_ (net)
                  0.04    0.00    3.03 v _117_/B1 (sky130_fd_sc_hd__a311o_1)
                  0.05    0.32    3.35 v _117_/X (sky130_fd_sc_hd__a311o_1)
     1    0.00                           _056_ (net)
                  0.05    0.00    3.35 v _123_/A1 (sky130_fd_sc_hd__a311oi_1)
                  0.21    0.22    3.57 ^ _123_/Y (sky130_fd_sc_hd__a311oi_1)
     1    0.00                           _003_ (net)
                  0.21    0.00    3.57 ^ _127_/D (sky130_fd_sc_hd__dfxtp_1)
                                  3.57   data arrival time

                  0.15   10.00   10.00   clock clk (rise edge)
                          0.00   10.00   clock network delay (ideal)
                         -0.25    9.75   clock uncertainty
                          0.00    9.75   clock reconvergence pessimism
                                  9.75 ^ _127_/CLK (sky130_fd_sc_hd__dfxtp_1)
                         -0.08    9.67   library setup time
                                  9.67   data required time
-----------------------------------------------------------------------------
                                  9.67   data required time
                                 -3.57   data arrival time
-----------------------------------------------------------------------------
                                  6.11   slack (MET)


Startpoint: sel[2] (input port clocked by clk)
Endpoint: _125_ (rising edge-triggered flip-flop clocked by clk)
Path Group: clk
Path Type: max

Fanout     Cap    Slew   Delay    Time   Description
-----------------------------------------------------------------------------
                  0.15    0.00    0.00   clock clk (rise edge)
                          0.00    0.00   clock network delay (ideal)
                          2.00    2.00 v input external delay
                  0.01    0.00    2.00 v sel[2] (in)
     1    0.00                           sel[2] (net)
                  0.01    0.00    2.00 v input12/A (sky130_fd_sc_hd__clkbuf_1)
                  0.04    0.09    2.09 v input12/X (sky130_fd_sc_hd__clkbuf_1)
     3    0.01                           net12 (net)
                  0.04    0.00    2.09 v _080_/A_N (sky130_fd_sc_hd__nand3b_2)
                  0.11    0.25    2.34 v _080_/Y (sky130_fd_sc_hd__nand3b_2)
     5    0.01                           _021_ (net)
                  0.11    0.00    2.34 v _081_/A2 (sky130_fd_sc_hd__a21bo_1)
                  0.04    0.23    2.57 v _081_/X (sky130_fd_sc_hd__a21bo_1)
     2    0.00                           _022_ (net)
                  0.04    0.00    2.57 v _083_/B (sky130_fd_sc_hd__and3_1)
                  0.05    0.19    2.75 v _083_/X (sky130_fd_sc_hd__and3_1)
     2    0.01                           _024_ (net)
                  0.05    0.00    2.75 v _085_/A (sky130_fd_sc_hd__or2b_1)
                  0.05    0.24    3.00 v _085_/X (sky130_fd_sc_hd__or2b_1)
     1    0.00                           _026_ (net)
                  0.05    0.00    3.00 v _087_/A (sky130_fd_sc_hd__xnor2_1)
                  0.14    0.17    3.17 ^ _087_/Y (sky130_fd_sc_hd__xnor2_1)
     1    0.00                           _028_ (net)
                  0.14    0.00    3.17 ^ _091_/A2 (sky130_fd_sc_hd__a21oi_1)
                  0.05    0.09    3.26 v _091_/Y (sky130_fd_sc_hd__a21oi_1)
     1    0.00                           _032_ (net)
                  0.05    0.00    3.26 v _093_/A3 (sky130_fd_sc_hd__a311oi_1)
                  0.19    0.25    3.51 ^ _093_/Y (sky130_fd_sc_hd__a311oi_1)
     1    0.00                           _001_ (net)
                  0.19    0.00    3.51 ^ _125_/D (sky130_fd_sc_hd__dfxtp_1)
                                  3.51   data arrival time

                  0.15   10.00   10.00   clock clk (rise edge)
                          0.00   10.00   clock network delay (ideal)
                         -0.25    9.75   clock uncertainty
                          0.00    9.75   clock reconvergence pessimism
                                  9.75 ^ _125_/CLK (sky130_fd_sc_hd__dfxtp_1)
                         -0.07    9.68   library setup time
                                  9.68   data required time
-----------------------------------------------------------------------------
                                  9.68   data required time
                                 -3.51   data arrival time
-----------------------------------------------------------------------------
                                  6.17   slack (MET)


Startpoint: B[1] (input port clocked by clk)
Endpoint: _126_ (rising edge-triggered flip-flop clocked by clk)
Path Group: clk
Path Type: max

Fanout     Cap    Slew   Delay    Time   Description
-----------------------------------------------------------------------------
                  0.15    0.00    0.00   clock clk (rise edge)
                          0.00    0.00   clock network delay (ideal)
                          2.00    2.00 v input external delay
                  0.01    0.00    2.00 v B[1] (in)
     1    0.00                           B[1] (net)
                  0.01    0.00    2.00 v input6/A (sky130_fd_sc_hd__dlymetal6s2s_1)
                  0.09    0.18    2.18 v input6/X (sky130_fd_sc_hd__dlymetal6s2s_1)
     6    0.02                           net6 (net)
                  0.09    0.00    2.19 v _096_/B (sky130_fd_sc_hd__or2_1)
                  0.07    0.25    2.44 v _096_/X (sky130_fd_sc_hd__or2_1)
     3    0.01                           _036_ (net)
                  0.07    0.00    2.44 v _098_/C (sky130_fd_sc_hd__and3_1)
                  0.06    0.22    2.66 v _098_/X (sky130_fd_sc_hd__and3_1)
     3    0.01                           _038_ (net)
                  0.06    0.00    2.66 v _100_/C (sky130_fd_sc_hd__nor3_1)
                  0.31    0.26    2.92 ^ _100_/Y (sky130_fd_sc_hd__nor3_1)
     3    0.01                           _040_ (net)
                  0.31    0.00    2.92 ^ _101_/B (sky130_fd_sc_hd__nor2_1)
                  0.08    0.09    3.02 v _101_/Y (sky130_fd_sc_hd__nor2_1)
     1    0.00                           _041_ (net)
                  0.08    0.00    3.02 v _102_/B (sky130_fd_sc_hd__xnor2_1)
                  0.12    0.15    3.17 ^ _102_/Y (sky130_fd_sc_hd__xnor2_1)
     1    0.00                           _042_ (net)
                  0.12    0.00    3.17 ^ _106_/A2 (sky130_fd_sc_hd__a21oi_1)
                  0.05    0.08    3.25 v _106_/Y (sky130_fd_sc_hd__a21oi_1)
     1    0.00                           _046_ (net)
                  0.05    0.00    3.25 v _108_/A3 (sky130_fd_sc_hd__a311oi_1)
                  0.19    0.25    3.50 ^ _108_/Y (sky130_fd_sc_hd__a311oi_1)
     1    0.00                           _002_ (net)
                  0.19    0.00    3.50 ^ _126_/D (sky130_fd_sc_hd__dfxtp_1)
                                  3.50   data arrival time

                  0.15   10.00   10.00   clock clk (rise edge)
                          0.00   10.00   clock network delay (ideal)
                         -0.25    9.75   clock uncertainty
                          0.00    9.75   clock reconvergence pessimism
                                  9.75 ^ _126_/CLK (sky130_fd_sc_hd__dfxtp_1)
                         -0.07    9.68   library setup time
                                  9.68   data required time
-----------------------------------------------------------------------------
                                  9.68   data required time
                                 -3.50   data arrival time
-----------------------------------------------------------------------------
                                  6.18   slack (MET)


Startpoint: sel[1] (input port clocked by clk)
Endpoint: _124_ (rising edge-triggered flip-flop clocked by clk)
Path Group: clk
Path Type: max

Fanout     Cap    Slew   Delay    Time   Description
-----------------------------------------------------------------------------
                  0.15    0.00    0.00   clock clk (rise edge)
                          0.00    0.00   clock network delay (ideal)
                          2.00    2.00 v input external delay
                  0.01    0.01    2.01 v sel[1] (in)
     1    0.00                           sel[1] (net)
                  0.01    0.00    2.01 v input11/A (sky130_fd_sc_hd__buf_1)
                  0.07    0.12    2.12 v input11/X (sky130_fd_sc_hd__buf_1)
     3    0.01                           net11 (net)
                  0.07    0.00    2.12 v _063_/A (sky130_fd_sc_hd__clkbuf_2)
                  0.09    0.18    2.30 v _063_/X (sky130_fd_sc_hd__clkbuf_2)
    10    0.02                           _005_ (net)
                  0.09    0.00    2.30 v _069_/B (sky130_fd_sc_hd__and3b_1)
                  0.06    0.22    2.52 v _069_/X (sky130_fd_sc_hd__and3b_1)
     3    0.01                           _011_ (net)
                  0.06    0.00    2.52 v _071_/A2 (sky130_fd_sc_hd__a22o_1)
                  0.04    0.24    2.75 v _071_/X (sky130_fd_sc_hd__a22o_1)
     1    0.00                           _013_ (net)
                  0.04    0.00    2.75 v _074_/B (sky130_fd_sc_hd__or3b_1)
                  0.06    0.35    3.10 v _074_/X (sky130_fd_sc_hd__or3b_1)
     1    0.00                           _016_ (net)
                  0.06    0.00    3.10 v _076_/B (sky130_fd_sc_hd__and3b_1)
                  0.04    0.17    3.27 v _076_/X (sky130_fd_sc_hd__and3b_1)
     1    0.00                           _018_ (net)
                  0.04    0.00    3.27 v _077_/A (sky130_fd_sc_hd__clkbuf_1)
                  0.02    0.08    3.35 v _077_/X (sky130_fd_sc_hd__clkbuf_1)
     1    0.00                           _000_ (net)
                  0.02    0.00    3.35 v _124_/D (sky130_fd_sc_hd__dfxtp_1)
                                  3.35   data arrival time

                  0.15   10.00   10.00   clock clk (rise edge)
                          0.00   10.00   clock network delay (ideal)
                         -0.25    9.75   clock uncertainty
                          0.00    9.75   clock reconvergence pessimism
                                  9.75 ^ _124_/CLK (sky130_fd_sc_hd__dfxtp_1)
                         -0.08    9.67   library setup time
                                  9.67   data required time
-----------------------------------------------------------------------------
                                  9.67   data required time
                                 -3.35   data arrival time
-----------------------------------------------------------------------------
                                  6.33   slack (MET)


Startpoint: _127_ (rising edge-triggered flip-flop clocked by clk)
Endpoint: result[3] (output port clocked by clk)
Path Group: clk
Path Type: max

Fanout     Cap    Slew   Delay    Time   Description
-----------------------------------------------------------------------------
                  0.15    0.00    0.00   clock clk (rise edge)
                          0.00    0.00   clock network delay (ideal)
                  0.15    0.00    0.00 ^ _127_/CLK (sky130_fd_sc_hd__dfxtp_1)
                  0.04    0.35    0.35 ^ _127_/Q (sky130_fd_sc_hd__dfxtp_1)
     1    0.00                           net16 (net)
                  0.04    0.00    0.35 ^ output16/A (sky130_fd_sc_hd__buf_2)
                  0.17    0.21    0.56 ^ output16/X (sky130_fd_sc_hd__buf_2)
     1    0.03                           result[3] (net)
                  0.17    0.00    0.56 ^ result[3] (out)
                                  0.56   data arrival time

                  0.15   10.00   10.00   clock clk (rise edge)
                          0.00   10.00   clock network delay (ideal)
                         -0.25    9.75   clock uncertainty
                          0.00    9.75   clock reconvergence pessimism
                         -2.00    7.75   output external delay
                                  7.75   data required time
-----------------------------------------------------------------------------
                                  7.75   data required time
                                 -0.56   data arrival time
-----------------------------------------------------------------------------
                                  7.19   slack (MET)


Startpoint: _126_ (rising edge-triggered flip-flop clocked by clk)
Endpoint: result[2] (output port clocked by clk)
Path Group: clk
Path Type: max

Fanout     Cap    Slew   Delay    Time   Description
-----------------------------------------------------------------------------
                  0.15    0.00    0.00   clock clk (rise edge)
                          0.00    0.00   clock network delay (ideal)
                  0.15    0.00    0.00 ^ _126_/CLK (sky130_fd_sc_hd__dfxtp_1)
                  0.04    0.35    0.35 ^ _126_/Q (sky130_fd_sc_hd__dfxtp_1)
     1    0.00                           net15 (net)
                  0.04    0.00    0.35 ^ output15/A (sky130_fd_sc_hd__buf_2)
                  0.17    0.20    0.56 ^ output15/X (sky130_fd_sc_hd__buf_2)
     1    0.03                           result[2] (net)
                  0.17    0.00    0.56 ^ result[2] (out)
                                  0.56   data arrival time

                  0.15   10.00   10.00   clock clk (rise edge)
                          0.00   10.00   clock network delay (ideal)
                         -0.25    9.75   clock uncertainty
                          0.00    9.75   clock reconvergence pessimism
                         -2.00    7.75   output external delay
                                  7.75   data required time
-----------------------------------------------------------------------------
                                  7.75   data required time
                                 -0.56   data arrival time
-----------------------------------------------------------------------------
                                  7.19   slack (MET)


Startpoint: _125_ (rising edge-triggered flip-flop clocked by clk)
Endpoint: result[1] (output port clocked by clk)
Path Group: clk
Path Type: max

Fanout     Cap    Slew   Delay    Time   Description
-----------------------------------------------------------------------------
                  0.15    0.00    0.00   clock clk (rise edge)
                          0.00    0.00   clock network delay (ideal)
                  0.15    0.00    0.00 ^ _125_/CLK (sky130_fd_sc_hd__dfxtp_1)
                  0.04    0.35    0.35 ^ _125_/Q (sky130_fd_sc_hd__dfxtp_1)
     1    0.00                           net14 (net)
                  0.04    0.00    0.35 ^ output14/A (sky130_fd_sc_hd__buf_2)
                  0.17    0.20    0.55 ^ output14/X (sky130_fd_sc_hd__buf_2)
     1    0.03                           result[1] (net)
                  0.17    0.00    0.55 ^ result[1] (out)
                                  0.55   data arrival time

                  0.15   10.00   10.00   clock clk (rise edge)
                          0.00   10.00   clock network delay (ideal)
                         -0.25    9.75   clock uncertainty
                          0.00    9.75   clock reconvergence pessimism
                         -2.00    7.75   output external delay
                                  7.75   data required time
-----------------------------------------------------------------------------
                                  7.75   data required time
                                 -0.55   data arrival time
-----------------------------------------------------------------------------
                                  7.20   slack (MET)


Startpoint: _124_ (rising edge-triggered flip-flop clocked by clk)
Endpoint: result[0] (output port clocked by clk)
Path Group: clk
Path Type: max

Fanout     Cap    Slew   Delay    Time   Description
-----------------------------------------------------------------------------
                  0.15    0.00    0.00   clock clk (rise edge)
                          0.00    0.00   clock network delay (ideal)
                  0.15    0.00    0.00 ^ _124_/CLK (sky130_fd_sc_hd__dfxtp_1)
                  0.03    0.35    0.35 ^ _124_/Q (sky130_fd_sc_hd__dfxtp_1)
     1    0.00                           net13 (net)
                  0.03    0.00    0.35 ^ output13/A (sky130_fd_sc_hd__buf_2)
                  0.17    0.20    0.55 ^ output13/X (sky130_fd_sc_hd__buf_2)
     1    0.03                           result[0] (net)
                  0.17    0.00    0.55 ^ result[0] (out)
                                  0.55   data arrival time

                  0.15   10.00   10.00   clock clk (rise edge)
                          0.00   10.00   clock network delay (ideal)
                         -0.25    9.75   clock uncertainty
                          0.00    9.75   clock reconvergence pessimism
                         -2.00    7.75   output external delay
                                  7.75   data required time
-----------------------------------------------------------------------------
                                  7.75   data required time
                                 -0.55   data arrival time
-----------------------------------------------------------------------------
                                  7.20   slack (MET)



