
===========================================================================
report_checks -path_delay max (Setup)
============================================================================
======================= Typical Corner ===================================

Startpoint: sel[2] (input port clocked by clk)
Endpoint: _124_ (rising edge-triggered flip-flop clocked by clk)
Path Group: clk
Path Type: max

Fanout     Cap    Slew   Delay    Time   Description
-----------------------------------------------------------------------------
                  0.15    0.00    0.00   clock clk (rise edge)
                          0.00    0.00   clock network delay (ideal)
                          2.00    2.00 ^ input external delay
                  0.04    0.03    2.03 ^ sel[2] (in)
     3    0.01                           sel[2] (net)
                  0.04    0.00    2.03 ^ _062_/A (sky130_fd_sc_hd__buf_1)
                  0.37    0.32    2.34 ^ _062_/X (sky130_fd_sc_hd__buf_1)
    10    0.03                           _004_ (net)
                  0.37    0.00    2.34 ^ _072_/A (sky130_fd_sc_hd__or3_2)
                  0.03    0.20    2.54 ^ _072_/X (sky130_fd_sc_hd__or3_2)
     1    0.00                           _014_ (net)
                  0.03    0.00    2.54 ^ _073_/A (sky130_fd_sc_hd__buf_1)
                  0.37    0.32    2.86 ^ _073_/X (sky130_fd_sc_hd__buf_1)
     7    0.03                           _015_ (net)
                  0.37    0.00    2.86 ^ _074_/C_N (sky130_fd_sc_hd__or3b_2)
                  0.07    0.49    3.35 v _074_/X (sky130_fd_sc_hd__or3b_2)
     1    0.00                           _016_ (net)
                  0.07    0.00    3.35 v _076_/B (sky130_fd_sc_hd__and3b_2)
                  0.04    0.21    3.55 v _076_/X (sky130_fd_sc_hd__and3b_2)
     1    0.00                           _018_ (net)
                  0.04    0.00    3.55 v _077_/A (sky130_fd_sc_hd__buf_1)
                  0.02    0.08    3.64 v _077_/X (sky130_fd_sc_hd__buf_1)
     1    0.00                           _000_ (net)
                  0.02    0.00    3.64 v _124_/D (sky130_fd_sc_hd__dfxtp_2)
                                  3.64   data arrival time

                  0.15   10.00   10.00   clock clk (rise edge)
                          0.00   10.00   clock network delay (ideal)
                         -0.25    9.75   clock uncertainty
                          0.00    9.75   clock reconvergence pessimism
                                  9.75 ^ _124_/CLK (sky130_fd_sc_hd__dfxtp_2)
                         -0.08    9.67   library setup time
                                  9.67   data required time
-----------------------------------------------------------------------------
                                  9.67   data required time
                                 -3.64   data arrival time
-----------------------------------------------------------------------------
                                  6.03   slack (MET)


Startpoint: sel[2] (input port clocked by clk)
Endpoint: _127_ (rising edge-triggered flip-flop clocked by clk)
Path Group: clk
Path Type: max

Fanout     Cap    Slew   Delay    Time   Description
-----------------------------------------------------------------------------
                  0.15    0.00    0.00   clock clk (rise edge)
                          0.00    0.00   clock network delay (ideal)
                          2.00    2.00 v input external delay
                  0.02    0.01    2.01 v sel[2] (in)
     3    0.01                           sel[2] (net)
                  0.02    0.00    2.01 v _080_/A_N (sky130_fd_sc_hd__nand3b_2)
                  0.13    0.26    2.27 v _080_/Y (sky130_fd_sc_hd__nand3b_2)
     5    0.02                           _021_ (net)
                  0.13    0.00    2.27 v _081_/A2 (sky130_fd_sc_hd__a21bo_2)
                  0.04    0.25    2.52 v _081_/X (sky130_fd_sc_hd__a21bo_2)
     2    0.00                           _022_ (net)
                  0.04    0.00    2.52 v _084_/A1 (sky130_fd_sc_hd__a21o_2)
                  0.04    0.20    2.72 v _084_/X (sky130_fd_sc_hd__a21o_2)
     2    0.01                           _025_ (net)
                  0.04    0.00    2.72 v _095_/A1 (sky130_fd_sc_hd__a21oi_2)
                  0.25    0.26    2.98 ^ _095_/Y (sky130_fd_sc_hd__a21oi_2)
     3    0.02                           _035_ (net)
                  0.25    0.00    2.98 ^ _110_/A1 (sky130_fd_sc_hd__o21ai_2)
                  0.05    0.09    3.07 v _110_/Y (sky130_fd_sc_hd__o21ai_2)
     1    0.00                           _049_ (net)
                  0.05    0.00    3.07 v _117_/A1 (sky130_fd_sc_hd__a311o_2)
                  0.06    0.34    3.41 v _117_/X (sky130_fd_sc_hd__a311o_2)
     1    0.00                           _056_ (net)
                  0.06    0.00    3.41 v _123_/A1 (sky130_fd_sc_hd__a311oi_2)
                  0.18    0.19    3.60 ^ _123_/Y (sky130_fd_sc_hd__a311oi_2)
     1    0.00                           _003_ (net)
                  0.18    0.00    3.60 ^ _127_/D (sky130_fd_sc_hd__dfxtp_2)
                                  3.60   data arrival time

                  0.15   10.00   10.00   clock clk (rise edge)
                          0.00   10.00   clock network delay (ideal)
                         -0.25    9.75   clock uncertainty
                          0.00    9.75   clock reconvergence pessimism
                                  9.75 ^ _127_/CLK (sky130_fd_sc_hd__dfxtp_2)
                         -0.07    9.68   library setup time
                                  9.68   data required time
-----------------------------------------------------------------------------
                                  9.68   data required time
                                 -3.60   data arrival time
-----------------------------------------------------------------------------
                                  6.07   slack (MET)


Startpoint: sel[2] (input port clocked by clk)
Endpoint: _125_ (rising edge-triggered flip-flop clocked by clk)
Path Group: clk
Path Type: max

Fanout     Cap    Slew   Delay    Time   Description
-----------------------------------------------------------------------------
                  0.15    0.00    0.00   clock clk (rise edge)
                          0.00    0.00   clock network delay (ideal)
                          2.00    2.00 v input external delay
                  0.02    0.01    2.01 v sel[2] (in)
     3    0.01                           sel[2] (net)
                  0.02    0.00    2.01 v _080_/A_N (sky130_fd_sc_hd__nand3b_2)
                  0.13    0.26    2.27 v _080_/Y (sky130_fd_sc_hd__nand3b_2)
     5    0.02                           _021_ (net)
                  0.13    0.00    2.27 v _081_/A2 (sky130_fd_sc_hd__a21bo_2)
                  0.04    0.25    2.52 v _081_/X (sky130_fd_sc_hd__a21bo_2)
     2    0.00                           _022_ (net)
                  0.04    0.00    2.52 v _083_/B (sky130_fd_sc_hd__and3_2)
                  0.05    0.21    2.73 v _083_/X (sky130_fd_sc_hd__and3_2)
     2    0.01                           _024_ (net)
                  0.05    0.00    2.73 v _085_/A (sky130_fd_sc_hd__or2b_2)
                  0.07    0.33    3.06 v _085_/X (sky130_fd_sc_hd__or2b_2)
     1    0.01                           _026_ (net)
                  0.07    0.00    3.06 v _087_/A (sky130_fd_sc_hd__xnor2_2)
                  0.15    0.19    3.25 ^ _087_/Y (sky130_fd_sc_hd__xnor2_2)
     1    0.01                           _028_ (net)
                  0.15    0.00    3.25 ^ _091_/A2 (sky130_fd_sc_hd__a21oi_2)
                  0.05    0.08    3.33 v _091_/Y (sky130_fd_sc_hd__a21oi_2)
     1    0.00                           _032_ (net)
                  0.05    0.00    3.33 v _093_/A3 (sky130_fd_sc_hd__a311oi_2)
                  0.18    0.26    3.59 ^ _093_/Y (sky130_fd_sc_hd__a311oi_2)
     1    0.00                           _001_ (net)
                  0.18    0.00    3.59 ^ _125_/D (sky130_fd_sc_hd__dfxtp_2)
                                  3.59   data arrival time

                  0.15   10.00   10.00   clock clk (rise edge)
                          0.00   10.00   clock network delay (ideal)
                         -0.25    9.75   clock uncertainty
                          0.00    9.75   clock reconvergence pessimism
                                  9.75 ^ _125_/CLK (sky130_fd_sc_hd__dfxtp_2)
                         -0.07    9.68   library setup time
                                  9.68   data required time
-----------------------------------------------------------------------------
                                  9.68   data required time
                                 -3.59   data arrival time
-----------------------------------------------------------------------------
                                  6.09   slack (MET)


Startpoint: sel[2] (input port clocked by clk)
Endpoint: _126_ (rising edge-triggered flip-flop clocked by clk)
Path Group: clk
Path Type: max

Fanout     Cap    Slew   Delay    Time   Description
-----------------------------------------------------------------------------
                  0.15    0.00    0.00   clock clk (rise edge)
                          0.00    0.00   clock network delay (ideal)
                          2.00    2.00 v input external delay
                  0.02    0.01    2.01 v sel[2] (in)
     3    0.01                           sel[2] (net)
                  0.02    0.00    2.01 v _080_/A_N (sky130_fd_sc_hd__nand3b_2)
                  0.13    0.26    2.27 v _080_/Y (sky130_fd_sc_hd__nand3b_2)
     5    0.02                           _021_ (net)
                  0.13    0.00    2.27 v _081_/A2 (sky130_fd_sc_hd__a21bo_2)
                  0.04    0.25    2.52 v _081_/X (sky130_fd_sc_hd__a21bo_2)
     2    0.00                           _022_ (net)
                  0.04    0.00    2.52 v _084_/A1 (sky130_fd_sc_hd__a21o_2)
                  0.04    0.20    2.72 v _084_/X (sky130_fd_sc_hd__a21o_2)
     2    0.01                           _025_ (net)
                  0.04    0.00    2.72 v _095_/A1 (sky130_fd_sc_hd__a21oi_2)
                  0.25    0.26    2.98 ^ _095_/Y (sky130_fd_sc_hd__a21oi_2)
     3    0.02                           _035_ (net)
                  0.25    0.00    2.98 ^ _102_/A (sky130_fd_sc_hd__xnor2_2)
                  0.13    0.16    3.14 ^ _102_/Y (sky130_fd_sc_hd__xnor2_2)
     1    0.01                           _042_ (net)
                  0.13    0.00    3.14 ^ _106_/A2 (sky130_fd_sc_hd__a21oi_2)
                  0.04    0.08    3.22 v _106_/Y (sky130_fd_sc_hd__a21oi_2)
     1    0.00                           _046_ (net)
                  0.04    0.00    3.22 v _108_/A3 (sky130_fd_sc_hd__a311oi_2)
                  0.18    0.26    3.48 ^ _108_/Y (sky130_fd_sc_hd__a311oi_2)
     1    0.00                           _002_ (net)
                  0.18    0.00    3.48 ^ _126_/D (sky130_fd_sc_hd__dfxtp_2)
                                  3.48   data arrival time

                  0.15   10.00   10.00   clock clk (rise edge)
                          0.00   10.00   clock network delay (ideal)
                         -0.25    9.75   clock uncertainty
                          0.00    9.75   clock reconvergence pessimism
                                  9.75 ^ _126_/CLK (sky130_fd_sc_hd__dfxtp_2)
                         -0.07    9.68   library setup time
                                  9.68   data required time
-----------------------------------------------------------------------------
                                  9.68   data required time
                                 -3.48   data arrival time
-----------------------------------------------------------------------------
                                  6.20   slack (MET)


Startpoint: _126_ (rising edge-triggered flip-flop clocked by clk)
Endpoint: result[2] (output port clocked by clk)
Path Group: clk
Path Type: max

Fanout     Cap    Slew   Delay    Time   Description
-----------------------------------------------------------------------------
                  0.15    0.00    0.00   clock clk (rise edge)
                          0.00    0.00   clock network delay (ideal)
                  0.15    0.00    0.00 ^ _126_/CLK (sky130_fd_sc_hd__dfxtp_2)
                  0.18    0.48    0.48 ^ _126_/Q (sky130_fd_sc_hd__dfxtp_2)
     1    0.04                           result[2] (net)
                  0.18    0.00    0.48 ^ result[2] (out)
                                  0.48   data arrival time

                  0.15   10.00   10.00   clock clk (rise edge)
                          0.00   10.00   clock network delay (ideal)
                         -0.25    9.75   clock uncertainty
                          0.00    9.75   clock reconvergence pessimism
                         -2.00    7.75   output external delay
                                  7.75   data required time
-----------------------------------------------------------------------------
                                  7.75   data required time
                                 -0.48   data arrival time
-----------------------------------------------------------------------------
                                  7.27   slack (MET)


Startpoint: _127_ (rising edge-triggered flip-flop clocked by clk)
Endpoint: result[3] (output port clocked by clk)
Path Group: clk
Path Type: max

Fanout     Cap    Slew   Delay    Time   Description
-----------------------------------------------------------------------------
                  0.15    0.00    0.00   clock clk (rise edge)
                          0.00    0.00   clock network delay (ideal)
                  0.15    0.00    0.00 ^ _127_/CLK (sky130_fd_sc_hd__dfxtp_2)
                  0.18    0.48    0.48 ^ _127_/Q (sky130_fd_sc_hd__dfxtp_2)
     1    0.03                           result[3] (net)
                  0.18    0.00    0.48 ^ result[3] (out)
                                  0.48   data arrival time

                  0.15   10.00   10.00   clock clk (rise edge)
                          0.00   10.00   clock network delay (ideal)
                         -0.25    9.75   clock uncertainty
                          0.00    9.75   clock reconvergence pessimism
                         -2.00    7.75   output external delay
                                  7.75   data required time
-----------------------------------------------------------------------------
                                  7.75   data required time
                                 -0.48   data arrival time
-----------------------------------------------------------------------------
                                  7.27   slack (MET)


Startpoint: _125_ (rising edge-triggered flip-flop clocked by clk)
Endpoint: result[1] (output port clocked by clk)
Path Group: clk
Path Type: max

Fanout     Cap    Slew   Delay    Time   Description
-----------------------------------------------------------------------------
                  0.15    0.00    0.00   clock clk (rise edge)
                          0.00    0.00   clock network delay (ideal)
                  0.15    0.00    0.00 ^ _125_/CLK (sky130_fd_sc_hd__dfxtp_2)
                  0.18    0.48    0.48 ^ _125_/Q (sky130_fd_sc_hd__dfxtp_2)
     1    0.03                           result[1] (net)
                  0.18    0.00    0.48 ^ result[1] (out)
                                  0.48   data arrival time

                  0.15   10.00   10.00   clock clk (rise edge)
                          0.00   10.00   clock network delay (ideal)
                         -0.25    9.75   clock uncertainty
                          0.00    9.75   clock reconvergence pessimism
                         -2.00    7.75   output external delay
                                  7.75   data required time
-----------------------------------------------------------------------------
                                  7.75   data required time
                                 -0.48   data arrival time
-----------------------------------------------------------------------------
                                  7.27   slack (MET)


Startpoint: _124_ (rising edge-triggered flip-flop clocked by clk)
Endpoint: result[0] (output port clocked by clk)
Path Group: clk
Path Type: max

Fanout     Cap    Slew   Delay    Time   Description
-----------------------------------------------------------------------------
                  0.15    0.00    0.00   clock clk (rise edge)
                          0.00    0.00   clock network delay (ideal)
                  0.15    0.00    0.00 ^ _124_/CLK (sky130_fd_sc_hd__dfxtp_2)
                  0.18    0.48    0.48 ^ _124_/Q (sky130_fd_sc_hd__dfxtp_2)
     1    0.03                           result[0] (net)
                  0.18    0.00    0.48 ^ result[0] (out)
                                  0.48   data arrival time

                  0.15   10.00   10.00   clock clk (rise edge)
                          0.00   10.00   clock network delay (ideal)
                         -0.25    9.75   clock uncertainty
                          0.00    9.75   clock reconvergence pessimism
                         -2.00    7.75   output external delay
                                  7.75   data required time
-----------------------------------------------------------------------------
                                  7.75   data required time
                                 -0.48   data arrival time
-----------------------------------------------------------------------------
                                  7.27   slack (MET)



