Instance name,  X location,  Y location,  Voltage 
_098_, 44.64, 48.96, 2.48072e-05
PHY_29, 44.64, 48.96, 2.48072e-05
input7, 44.64, 48.96, 2.48072e-05
output16, 44.64, 48.96, 2.48072e-05
PHY_25, 44.64, 43.52, 2.01324e-05
PHY_27, 44.64, 43.52, 2.01324e-05
FILLER_0_12_81, 44.64, 43.52, 2.01324e-05
PHY_21, 44.64, 38.08, 2.58046e-05
PHY_23, 44.64, 38.08, 2.58046e-05
input1, 44.64, 38.08, 2.58046e-05
FILLER_0_9_76, 44.64, 38.08, 2.58046e-05
FILLER_0_10_75, 44.64, 38.08, 2.58046e-05
_084_, 44.64, 32.64, 1.97643e-05
_085_, 44.64, 32.64, 1.97643e-05
PHY_17, 44.64, 32.64, 1.97643e-05
PHY_19, 44.64, 32.64, 1.97643e-05
FILLER_0_7_82, 44.64, 32.64, 1.97643e-05
_086_, 44.64, 27.2, 2.53211e-05
PHY_13, 44.64, 27.2, 2.53211e-05
PHY_15, 44.64, 27.2, 2.53211e-05
input12, 44.64, 27.2, 2.53211e-05
FILLER_0_5_83, 44.64, 27.2, 2.53211e-05
FILLER_0_6_74, 44.64, 27.2, 2.53211e-05
PHY_9, 44.64, 21.76, 1.95929e-05
PHY_11, 44.64, 21.76, 1.95929e-05
FILLER_0_3_76, 44.64, 21.76, 1.95929e-05
FILLER_0_4_80, 44.64, 21.76, 1.95929e-05
PHY_5, 44.64, 16.32, 2.48351e-05
PHY_7, 44.64, 16.32, 2.48351e-05
output13, 44.64, 16.32, 2.48351e-05
FILLER_0_2_79, 44.64, 16.32, 2.48351e-05
PHY_1, 44.64, 10.88, 2.51184e-05
PHY_3, 44.64, 10.88, 2.51184e-05
input2, 44.64, 10.88, 2.51184e-05
FILLER_0_0_76, 44.64, 10.88, 2.51184e-05
_113_, 34.405, 48.96, 2.32338e-05
_114_, 34.405, 48.96, 2.32338e-05
input4, 34.405, 48.96, 2.32338e-05
FILLER_0_14_63, 34.405, 48.96, 2.32338e-05
FILLER_0_14_71, 34.405, 48.96, 2.32338e-05
_096_, 34.405, 43.52, 2.12422e-05
_097_, 34.405, 43.52, 2.12422e-05
_112_, 34.405, 43.52, 2.12422e-05
FILLER_0_12_73, 34.405, 43.52, 2.12422e-05
_111_, 34.405, 38.08, 3.1852e-05
_127_, 34.405, 38.08, 3.1852e-05
FILLER_0_9_53, 34.405, 38.08, 3.1852e-05
_081_, 34.405, 32.64, 2.00789e-05
_083_, 34.405, 32.64, 2.00789e-05
_095_, 34.405, 32.64, 2.00789e-05
FILLER_0_8_52, 34.405, 32.64, 2.00789e-05
FILLER_0_9_64, 34.405, 32.64, 2.00789e-05
_080_, 34.405, 27.2, 3.19645e-05
_082_, 34.405, 27.2, 3.19645e-05
_068_, 34.405, 21.76, 2.07996e-05
_087_, 34.405, 21.76, 2.07996e-05
_075_, 34.405, 16.32, 2.69876e-05
_077_, 34.405, 10.88, 2.90054e-05
_124_, 34.405, 10.88, 2.90054e-05
input8, 34.405, 10.88, 2.90054e-05
FILLER_0_0_69, 34.405, 10.88, 2.90054e-05
_109_, 24.17, 48.96, 2.31454e-05
_110_, 24.17, 48.96, 2.31454e-05
input5, 24.17, 48.96, 2.31454e-05
FILLER_0_14_47, 24.17, 48.96, 2.31454e-05
_115_, 24.17, 43.52, 2.21268e-05
_116_, 24.17, 43.52, 2.21268e-05
_117_, 24.17, 43.52, 2.21268e-05
FILLER_0_13_42, 24.17, 43.52, 2.21268e-05
_123_, 24.17, 38.08, 3.79966e-05
FILLER_0_9_36, 24.17, 38.08, 3.79966e-05
FILLER_0_10_33, 24.17, 38.08, 3.79966e-05
FILLER_0_10_41, 24.17, 38.08, 3.79966e-05
_118_, 24.17, 32.64, 1.97201e-05
_119_, 24.17, 32.64, 1.97201e-05
_121_, 24.17, 32.64, 1.97201e-05
_122_, 24.17, 32.64, 1.97201e-05
FILLER_0_7_36, 24.17, 32.64, 1.97201e-05
FILLER_0_8_39, 24.17, 32.64, 1.97201e-05
_062_, 24.17, 27.2, 5.19544e-05
_103_, 24.17, 27.2, 5.19544e-05
_120_, 24.17, 27.2, 5.19544e-05
clkbuf_0_clk, 24.17, 27.2, 5.19544e-05
FILLER_0_7_51, 24.17, 27.2, 5.19544e-05
_065_, 24.17, 21.76, 2.15516e-05
_066_, 24.17, 21.76, 2.15516e-05
_071_, 24.17, 21.76, 2.15516e-05
_088_, 24.17, 21.76, 2.15516e-05
FILLER_0_3_39, 24.17, 21.76, 2.15516e-05
FILLER_0_4_40, 24.17, 21.76, 2.15516e-05
_064_, 24.17, 16.32, 3.62971e-05
_067_, 24.17, 16.32, 3.62971e-05
_074_, 24.17, 16.32, 3.62971e-05
_092_, 24.17, 16.32, 3.62971e-05
FILLER_0_1_40, 24.17, 16.32, 3.62971e-05
FILLER_0_3_47, 24.17, 16.32, 3.62971e-05
_076_, 24.17, 10.88, 2.84012e-05
input9, 24.17, 10.88, 2.84012e-05
FILLER_0_0_36, 24.17, 10.88, 2.84012e-05
FILLER_0_0_48, 24.17, 10.88, 2.84012e-05
_101_, 13.935, 48.96, 2.38239e-05
FILLER_0_14_22, 13.935, 48.96, 2.38239e-05
_099_, 13.935, 43.52, 2.34184e-05
_100_, 13.935, 43.52, 2.34184e-05
_102_, 13.935, 43.52, 2.34184e-05
FILLER_0_12_23, 13.935, 43.52, 2.34184e-05
FILLER_0_12_29, 13.935, 43.52, 2.34184e-05
_107_, 13.935, 38.08, 6.31886e-05
_108_, 13.935, 38.08, 6.31886e-05
clkbuf_1_1__f_clk, 13.935, 38.08, 6.31886e-05
_070_, 13.935, 32.64, 2.10422e-05
_079_, 13.935, 32.64, 2.10422e-05
_106_, 13.935, 32.64, 2.10422e-05
FILLER_0_8_15, 13.935, 32.64, 2.10422e-05
FILLER_0_8_24, 13.935, 32.64, 2.10422e-05
_090_, 13.935, 27.2, 4.07408e-05
_104_, 13.935, 27.2, 4.07408e-05
_105_, 13.935, 27.2, 4.07408e-05
FILLER_0_6_21, 13.935, 27.2, 4.07408e-05
FILLER_0_7_21, 13.935, 27.2, 4.07408e-05
_089_, 13.935, 21.76, 2.30321e-05
_091_, 13.935, 21.76, 2.30321e-05
_072_, 13.935, 16.32, 5.88972e-05
_073_, 13.935, 16.32, 5.88972e-05
_078_, 13.935, 16.32, 5.88972e-05
clkbuf_1_0__f_clk, 13.935, 16.32, 5.88972e-05
FILLER_0_2_25, 13.935, 16.32, 5.88972e-05
_093_, 13.935, 10.88, 3.37503e-05
FILLER_0_0_19, 13.935, 10.88, 3.37503e-05
PHY_26, 5.52, 48.96, 2.59535e-05
PHY_28, 5.52, 48.96, 2.59535e-05
input3, 5.52, 48.96, 2.59535e-05
input11, 5.52, 48.96, 2.59535e-05
PHY_22, 5.52, 43.52, 2.34184e-05
PHY_24, 5.52, 43.52, 2.34184e-05
_126_, 5.52, 38.08, 7.4923e-05
PHY_18, 5.52, 38.08, 7.4923e-05
PHY_20, 5.52, 38.08, 7.4923e-05
input10, 5.52, 38.08, 7.4923e-05
_094_, 5.52, 32.64, 2.1309e-05
PHY_14, 5.52, 32.64, 2.1309e-05
PHY_16, 5.52, 32.64, 2.1309e-05
FILLER_0_9_3, 5.52, 32.64, 2.1309e-05
_063_, 5.52, 27.2, 4.61987e-05
PHY_10, 5.52, 27.2, 4.61987e-05
PHY_12, 5.52, 27.2, 4.61987e-05
output15, 5.52, 27.2, 4.61987e-05
FILLER_0_7_3, 5.52, 27.2, 4.61987e-05
_069_, 5.52, 21.76, 2.35858e-05
PHY_6, 5.52, 21.76, 2.35858e-05
PHY_8, 5.52, 21.76, 2.35858e-05
FILLER_0_5_3, 5.52, 21.76, 2.35858e-05
PHY_2, 5.52, 16.32, 6.27527e-05
PHY_4, 5.52, 16.32, 6.27527e-05
output14, 5.52, 16.32, 6.27527e-05
FILLER_0_2_9, 5.52, 16.32, 6.27527e-05
_125_, 5.52, 10.88, 4.49137e-05
PHY_0, 5.52, 10.88, 4.49137e-05
input6, 5.52, 10.88, 4.49137e-05
FILLER_0_1_7, 5.52, 10.88, 4.49137e-05

