Instance name,  X location,  Y location,  Voltage 
output16, 41.34, 51.68, 1.79998
FILLER_0_14_71, 41.34, 51.68, 1.79998
_096_, 41.34, 46.24, 1.79998
_097_, 41.34, 46.24, 1.79998
_098_, 41.34, 46.24, 1.79998
input7, 41.34, 46.24, 1.79998
FILLER_0_12_73, 41.34, 46.24, 1.79998
_127_, 41.34, 40.8, 1.79998
FILLER_0_10_75, 41.34, 40.8, 1.79998
FILLER_0_12_81, 41.34, 40.8, 1.79998
_081_, 41.34, 35.36, 1.79998
_083_, 41.34, 35.36, 1.79998
_084_, 41.34, 35.36, 1.79998
input1, 41.34, 35.36, 1.79998
FILLER_0_9_76, 41.34, 35.36, 1.79998
_082_, 41.34, 29.92, 1.79996
_085_, 41.34, 29.92, 1.79996
FILLER_0_6_74, 41.34, 29.92, 1.79996
FILLER_0_7_82, 41.34, 29.92, 1.79996
_086_, 41.34, 24.48, 1.79998
_087_, 41.34, 24.48, 1.79998
input12, 41.34, 24.48, 1.79998
FILLER_0_5_83, 41.34, 24.48, 1.79998
FILLER_0_3_76, 41.34, 19.04, 1.79998
FILLER_0_4_80, 41.34, 19.04, 1.79998
input2, 41.34, 13.6, 1.79997
input8, 41.34, 13.6, 1.79997
output13, 41.34, 13.6, 1.79997
FILLER_0_0_69, 41.34, 13.6, 1.79997
FILLER_0_0_76, 41.34, 13.6, 1.79997
FILLER_0_2_79, 41.34, 13.6, 1.79997
FILLER_0_14_47, 31.105, 51.68, 1.79998
_112_, 31.105, 46.24, 1.79998
_113_, 31.105, 46.24, 1.79998
_114_, 31.105, 46.24, 1.79998
_115_, 31.105, 46.24, 1.79998
_117_, 31.105, 46.24, 1.79998
input4, 31.105, 46.24, 1.79998
FILLER_0_14_63, 31.105, 46.24, 1.79998
_111_, 31.105, 35.36, 1.79998
_118_, 31.105, 35.36, 1.79998
_122_, 31.105, 35.36, 1.79998
FILLER_0_8_52, 31.105, 35.36, 1.79998
FILLER_0_9_53, 31.105, 35.36, 1.79998
FILLER_0_9_64, 31.105, 35.36, 1.79998
_095_, 31.105, 29.92, 1.79995
_120_, 31.105, 29.92, 1.79995
clkbuf_0_clk, 31.105, 29.92, 1.79995
FILLER_0_7_51, 31.105, 29.92, 1.79995
_065_, 31.105, 24.48, 1.79997
_066_, 31.105, 24.48, 1.79997
_080_, 31.105, 24.48, 1.79997
_067_, 31.105, 19.04, 1.79998
_068_, 31.105, 19.04, 1.79998
_074_, 31.105, 19.04, 1.79998
FILLER_0_3_47, 31.105, 19.04, 1.79998
_075_, 31.105, 13.6, 1.79996
_076_, 31.105, 13.6, 1.79996
_077_, 31.105, 13.6, 1.79996
_124_, 31.105, 13.6, 1.79996
input9, 31.105, 13.6, 1.79996
FILLER_0_0_48, 31.105, 13.6, 1.79996
input5, 20.87, 51.68, 1.79998
_099_, 20.87, 46.24, 1.79998
_109_, 20.87, 46.24, 1.79998
_110_, 20.87, 46.24, 1.79998
FILLER_0_12_23, 20.87, 46.24, 1.79998
FILLER_0_12_29, 20.87, 46.24, 1.79998
FILLER_0_13_42, 20.87, 46.24, 1.79998
_107_, 20.87, 40.8, 1.79998
_116_, 20.87, 40.8, 1.79998
FILLER_0_10_33, 20.87, 40.8, 1.79998
_119_, 20.87, 35.36, 1.79996
_123_, 20.87, 35.36, 1.79996
FILLER_0_8_24, 20.87, 35.36, 1.79996
FILLER_0_9_36, 20.87, 35.36, 1.79996
FILLER_0_10_41, 20.87, 35.36, 1.79996
_104_, 20.87, 29.92, 1.79996
_105_, 20.87, 29.92, 1.79996
_121_, 20.87, 29.92, 1.79996
FILLER_0_7_36, 20.87, 29.92, 1.79996
FILLER_0_8_39, 20.87, 29.92, 1.79996
_062_, 20.87, 24.48, 1.79997
_071_, 20.87, 24.48, 1.79997
_089_, 20.87, 24.48, 1.79997
_091_, 20.87, 24.48, 1.79997
_103_, 20.87, 24.48, 1.79997
_078_, 20.87, 19.04, 1.79997
_088_, 20.87, 19.04, 1.79997
FILLER_0_2_25, 20.87, 19.04, 1.79997
FILLER_0_3_39, 20.87, 19.04, 1.79997
FILLER_0_4_40, 20.87, 19.04, 1.79997
_064_, 20.87, 13.6, 1.79995
_092_, 20.87, 13.6, 1.79995
_093_, 20.87, 13.6, 1.79995
FILLER_0_0_36, 20.87, 13.6, 1.79995
FILLER_0_1_40, 20.87, 13.6, 1.79995
input11, 10.635, 51.68, 1.79998
_100_, 10.635, 46.24, 1.79998
_101_, 10.635, 46.24, 1.79998
FILLER_0_14_22, 10.635, 46.24, 1.79998
_102_, 10.635, 40.8, 1.79998
_094_, 10.635, 35.36, 1.79994
_108_, 10.635, 35.36, 1.79994
clkbuf_1_1__f_clk, 10.635, 35.36, 1.79994
_063_, 10.635, 29.92, 1.79997
_070_, 10.635, 29.92, 1.79997
_079_, 10.635, 29.92, 1.79997
_106_, 10.635, 29.92, 1.79997
FILLER_0_7_21, 10.635, 29.92, 1.79997
FILLER_0_8_15, 10.635, 29.92, 1.79997
_069_, 10.635, 24.48, 1.79997
_090_, 10.635, 24.48, 1.79997
FILLER_0_6_21, 10.635, 24.48, 1.79997
FILLER_0_2_9, 10.635, 19.04, 1.79997
_072_, 10.635, 13.6, 1.79993
_073_, 10.635, 13.6, 1.79993
clkbuf_1_0__f_clk, 10.635, 13.6, 1.79993
FILLER_0_0_19, 10.635, 13.6, 1.79993
FILLER_0_1_7, 10.635, 13.6, 1.79993
PHY_28, 5.52, 51.68, 1.79998
PHY_29, 46.46, 51.68, 1.79998
PHY_24, 5.52, 46.24, 1.79998
PHY_26, 5.52, 46.24, 1.79998
input3, 5.52, 46.24, 1.79998
PHY_25, 46.46, 46.24, 1.79998
PHY_27, 46.46, 46.24, 1.79998
PHY_20, 5.52, 40.8, 1.79998
PHY_22, 5.52, 40.8, 1.79998
input10, 5.52, 40.8, 1.79998
PHY_21, 46.46, 40.8, 1.79998
PHY_23, 46.46, 40.8, 1.79998
_126_, 5.52, 35.36, 1.79993
PHY_16, 5.52, 35.36, 1.79993
PHY_18, 5.52, 35.36, 1.79993
FILLER_0_9_3, 5.52, 35.36, 1.79993
PHY_17, 46.46, 35.36, 1.79998
PHY_19, 46.46, 35.36, 1.79998
PHY_12, 5.52, 29.92, 1.79997
PHY_14, 5.52, 29.92, 1.79997
FILLER_0_7_3, 5.52, 29.92, 1.79997
PHY_13, 46.46, 29.92, 1.79996
PHY_15, 46.46, 29.92, 1.79996
PHY_8, 5.52, 24.48, 1.79997
PHY_10, 5.52, 24.48, 1.79997
output15, 5.52, 24.48, 1.79997
FILLER_0_5_3, 5.52, 24.48, 1.79997
PHY_9, 46.46, 24.48, 1.79998
PHY_11, 46.46, 24.48, 1.79998
PHY_4, 5.52, 19.04, 1.79997
PHY_6, 5.52, 19.04, 1.79997
PHY_5, 46.46, 19.04, 1.79998
PHY_7, 46.46, 19.04, 1.79998
_125_, 5.52, 13.6, 1.79992
PHY_0, 5.52, 13.6, 1.79992
PHY_2, 5.52, 13.6, 1.79992
input6, 5.52, 13.6, 1.79992
output14, 5.52, 13.6, 1.79992
PHY_1, 46.46, 13.6, 1.79997
PHY_3, 46.46, 13.6, 1.79997

