
===========================================================================
report_checks -unconstrained
===========================================================================
======================= Fastest Corner ===================================

Startpoint: sel[0] (input port clocked by clk)
Endpoint: _127_ (rising edge-triggered flip-flop clocked by clk)
Path Group: clk
Path Type: max
Corner: Fastest

Fanout     Cap    Slew   Delay    Time   Description
-----------------------------------------------------------------------------
                          0.00    0.00   clock clk (rise edge)
                          0.00    0.00   clock network delay (propagated)
                          2.00    2.00 ^ input external delay
                  0.01    0.01    2.01 ^ sel[0] (in)
     1    0.00                           sel[0] (net)
                  0.01    0.00    2.01 ^ input10/A (sky130_fd_sc_hd__buf_2)
                  0.14    0.14    2.15 ^ input10/X (sky130_fd_sc_hd__buf_2)
    10    0.04                           net10 (net)
                  0.14    0.00    2.15 ^ _080_/B (sky130_fd_sc_hd__nand3b_2)
                  0.08    0.10    2.25 v _080_/Y (sky130_fd_sc_hd__nand3b_2)
     5    0.02                           _021_ (net)
                  0.08    0.00    2.25 v _081_/A2 (sky130_fd_sc_hd__a21bo_1)
                  0.03    0.15    2.40 v _081_/X (sky130_fd_sc_hd__a21bo_1)
     2    0.00                           _022_ (net)
                  0.03    0.00    2.40 v _084_/A1 (sky130_fd_sc_hd__a21o_1)
                  0.04    0.12    2.52 v _084_/X (sky130_fd_sc_hd__a21o_1)
     2    0.01                           _025_ (net)
                  0.04    0.00    2.52 v _095_/A1 (sky130_fd_sc_hd__a21oi_2)
                  0.15    0.16    2.68 ^ _095_/Y (sky130_fd_sc_hd__a21oi_2)
     3    0.02                           _035_ (net)
                  0.15    0.00    2.68 ^ _110_/A1 (sky130_fd_sc_hd__o21ai_1)
                  0.05    0.06    2.74 v _110_/Y (sky130_fd_sc_hd__o21ai_1)
     1    0.00                           _049_ (net)
                  0.05    0.00    2.74 v _117_/A1 (sky130_fd_sc_hd__a311o_1)
                  0.04    0.18    2.91 v _117_/X (sky130_fd_sc_hd__a311o_1)
     1    0.00                           _056_ (net)
                  0.04    0.00    2.91 v _123_/A1 (sky130_fd_sc_hd__a311oi_1)
                  0.17    0.17    3.08 ^ _123_/Y (sky130_fd_sc_hd__a311oi_1)
     1    0.00                           _003_ (net)
                  0.17    0.00    3.08 ^ _127_/D (sky130_fd_sc_hd__dfxtp_1)
                                  3.08   data arrival time

                         10.00   10.00   clock clk (rise edge)
                          0.00   10.00   clock source latency
                  0.05    0.03   10.03 ^ clk (in)
     1    0.01                           clk (net)
                  0.05    0.00   10.03 ^ clkbuf_0_clk/A (sky130_fd_sc_hd__clkbuf_16)
                  0.03    0.09   10.12 ^ clkbuf_0_clk/X (sky130_fd_sc_hd__clkbuf_16)
     2    0.02                           clknet_0_clk (net)
                  0.03    0.00   10.12 ^ clkbuf_1_1__f_clk/A (sky130_fd_sc_hd__clkbuf_16)
                  0.02    0.07   10.20 ^ clkbuf_1_1__f_clk/X (sky130_fd_sc_hd__clkbuf_16)
     2    0.01                           clknet_1_1__leaf_clk (net)
                  0.02    0.00   10.20 ^ _127_/CLK (sky130_fd_sc_hd__dfxtp_1)
                         -0.25    9.95   clock uncertainty
                          0.00    9.95   clock reconvergence pessimism
                         -0.04    9.91   library setup time
                                  9.91   data required time
-----------------------------------------------------------------------------
                                  9.91   data required time
                                 -3.08   data arrival time
-----------------------------------------------------------------------------
                                  6.83   slack (MET)



======================= Slowest Corner ===================================

Startpoint: sel[2] (input port clocked by clk)
Endpoint: _125_ (rising edge-triggered flip-flop clocked by clk)
Path Group: clk
Path Type: max
Corner: Slowest

Fanout     Cap    Slew   Delay    Time   Description
-----------------------------------------------------------------------------
                          0.00    0.00   clock clk (rise edge)
                          0.00    0.00   clock network delay (propagated)
                          2.00    2.00 v input external delay
                  0.02    0.01    2.01 v sel[2] (in)
     1    0.00                           sel[2] (net)
                  0.02    0.00    2.01 v input12/A (sky130_fd_sc_hd__buf_1)
                  0.11    0.19    2.20 v input12/X (sky130_fd_sc_hd__buf_1)
     3    0.01                           net12 (net)
                  0.11    0.00    2.20 v _080_/A_N (sky130_fd_sc_hd__nand3b_2)
                  0.28    0.61    2.81 v _080_/Y (sky130_fd_sc_hd__nand3b_2)
     5    0.02                           _021_ (net)
                  0.28    0.00    2.81 v _081_/A2 (sky130_fd_sc_hd__a21bo_1)
                  0.08    0.46    3.28 v _081_/X (sky130_fd_sc_hd__a21bo_1)
     2    0.00                           _022_ (net)
                  0.08    0.00    3.28 v _083_/B (sky130_fd_sc_hd__and3_1)
                  0.11    0.40    3.68 v _083_/X (sky130_fd_sc_hd__and3_1)
     2    0.01                           _024_ (net)
                  0.11    0.00    3.68 v _085_/A (sky130_fd_sc_hd__or2b_1)
                  0.11    0.56    4.23 v _085_/X (sky130_fd_sc_hd__or2b_1)
     1    0.01                           _026_ (net)
                  0.11    0.00    4.23 v _087_/A (sky130_fd_sc_hd__xnor2_1)
                  0.31    0.37    4.61 ^ _087_/Y (sky130_fd_sc_hd__xnor2_1)
     1    0.01                           _028_ (net)
                  0.31    0.00    4.61 ^ _091_/A2 (sky130_fd_sc_hd__a21oi_1)
                  0.12    0.25    4.85 v _091_/Y (sky130_fd_sc_hd__a21oi_1)
     1    0.00                           _032_ (net)
                  0.12    0.00    4.85 v _093_/A3 (sky130_fd_sc_hd__a311oi_1)
                  0.35    0.49    5.34 ^ _093_/Y (sky130_fd_sc_hd__a311oi_1)
     1    0.00                           _001_ (net)
                  0.35    0.00    5.34 ^ _125_/D (sky130_fd_sc_hd__dfxtp_1)
                                  5.34   data arrival time

                         10.00   10.00   clock clk (rise edge)
                          0.00   10.00   clock source latency
                  0.11    0.07   10.07 ^ clk (in)
     1    0.01                           clk (net)
                  0.11    0.00   10.07 ^ clkbuf_0_clk/A (sky130_fd_sc_hd__clkbuf_16)
                  0.07    0.23   10.30 ^ clkbuf_0_clk/X (sky130_fd_sc_hd__clkbuf_16)
     2    0.02                           clknet_0_clk (net)
                  0.07    0.00   10.30 ^ clkbuf_1_0__f_clk/A (sky130_fd_sc_hd__clkbuf_16)
                  0.05    0.19   10.50 ^ clkbuf_1_0__f_clk/X (sky130_fd_sc_hd__clkbuf_16)
     2    0.01                           clknet_1_0__leaf_clk (net)
                  0.05    0.00   10.50 ^ _125_/CLK (sky130_fd_sc_hd__dfxtp_1)
                         -0.25   10.25   clock uncertainty
                          0.00   10.25   clock reconvergence pessimism
                         -0.20   10.04   library setup time
                                 10.04   data required time
-----------------------------------------------------------------------------
                                 10.04   data required time
                                 -5.34   data arrival time
-----------------------------------------------------------------------------
                                  4.70   slack (MET)



======================= Typical Corner ===================================

Startpoint: sel[2] (input port clocked by clk)
Endpoint: _127_ (rising edge-triggered flip-flop clocked by clk)
Path Group: clk
Path Type: max
Corner: Typical

Fanout     Cap    Slew   Delay    Time   Description
-----------------------------------------------------------------------------
                          0.00    0.00   clock clk (rise edge)
                          0.00    0.00   clock network delay (propagated)
                          2.00    2.00 v input external delay
                  0.01    0.00    2.00 v sel[2] (in)
     1    0.00                           sel[2] (net)
                  0.01    0.00    2.00 v input12/A (sky130_fd_sc_hd__buf_1)
                  0.06    0.10    2.11 v input12/X (sky130_fd_sc_hd__buf_1)
     3    0.01                           net12 (net)
                  0.06    0.00    2.11 v _080_/A_N (sky130_fd_sc_hd__nand3b_2)
                  0.13    0.28    2.39 v _080_/Y (sky130_fd_sc_hd__nand3b_2)
     5    0.02                           _021_ (net)
                  0.13    0.00    2.39 v _081_/A2 (sky130_fd_sc_hd__a21bo_1)
                  0.04    0.24    2.62 v _081_/X (sky130_fd_sc_hd__a21bo_1)
     2    0.00                           _022_ (net)
                  0.04    0.00    2.62 v _084_/A1 (sky130_fd_sc_hd__a21o_1)
                  0.06    0.18    2.81 v _084_/X (sky130_fd_sc_hd__a21o_1)
     2    0.01                           _025_ (net)
                  0.06    0.00    2.81 v _095_/A1 (sky130_fd_sc_hd__a21oi_2)
                  0.21    0.22    3.03 ^ _095_/Y (sky130_fd_sc_hd__a21oi_2)
     3    0.02                           _035_ (net)
                  0.21    0.00    3.03 ^ _110_/A1 (sky130_fd_sc_hd__o21ai_1)
                  0.07    0.11    3.14 v _110_/Y (sky130_fd_sc_hd__o21ai_1)
     1    0.00                           _049_ (net)
                  0.07    0.00    3.15 v _117_/A1 (sky130_fd_sc_hd__a311o_1)
                  0.06    0.28    3.43 v _117_/X (sky130_fd_sc_hd__a311o_1)
     1    0.00                           _056_ (net)
                  0.06    0.00    3.43 v _123_/A1 (sky130_fd_sc_hd__a311oi_1)
                  0.24    0.25    3.68 ^ _123_/Y (sky130_fd_sc_hd__a311oi_1)
     1    0.00                           _003_ (net)
                  0.24    0.00    3.68 ^ _127_/D (sky130_fd_sc_hd__dfxtp_1)
                                  3.68   data arrival time

                         10.00   10.00   clock clk (rise edge)
                          0.00   10.00   clock source latency
                  0.07    0.05   10.05 ^ clk (in)
     1    0.01                           clk (net)
                  0.07    0.00   10.05 ^ clkbuf_0_clk/A (sky130_fd_sc_hd__clkbuf_16)
                  0.04    0.13   10.18 ^ clkbuf_0_clk/X (sky130_fd_sc_hd__clkbuf_16)
     2    0.02                           clknet_0_clk (net)
                  0.04    0.00   10.18 ^ clkbuf_1_1__f_clk/A (sky130_fd_sc_hd__clkbuf_16)
                  0.03    0.11   10.29 ^ clkbuf_1_1__f_clk/X (sky130_fd_sc_hd__clkbuf_16)
     2    0.01                           clknet_1_1__leaf_clk (net)
                  0.03    0.00   10.29 ^ _127_/CLK (sky130_fd_sc_hd__dfxtp_1)
                         -0.25   10.04   clock uncertainty
                          0.00   10.04   clock reconvergence pessimism
                         -0.10    9.94   library setup time
                                  9.94   data required time
-----------------------------------------------------------------------------
                                  9.94   data required time
                                 -3.68   data arrival time
-----------------------------------------------------------------------------
                                  6.26   slack (MET)




===========================================================================
report_checks --slack_max -0.01
============================================================================
======================= Fastest Corner ===================================

No paths found.

======================= Slowest Corner ===================================

No paths found.

======================= Typical Corner ===================================

No paths found.


===========================================================================
 report_check_types -max_slew -max_cap -max_fanout -violators
============================================================================
======================= Fastest Corner ===================================


======================= Slowest Corner ===================================


======================= Typical Corner ===================================



===========================================================================
report_parasitic_annotation -report_unannotated
============================================================================
Found 0 unannotated drivers.
Found 0 partially unannotated drivers.

===========================================================================
max slew violation count 0
max fanout violation count 0
max cap violation count 0
============================================================================

===========================================================================
check_setup -verbose -unconstrained_endpoints -multiple_clock -no_clock -no_input_delay -loops -generated_clocks
===========================================================================
