
61. Printing statistics.

=== alu4bit ===

   Number of wires:                 68
   Number of wire bits:             79
   Number of public wires:           6
   Number of public wire bits:      17
   Number of memories:               0
   Number of memory bits:            0
   Number of processes:              0
   Number of cells:                 66
     sky130_fd_sc_hd__a211o_2        1
     sky130_fd_sc_hd__a211oi_2       1
     sky130_fd_sc_hd__a21bo_2        1
     sky130_fd_sc_hd__a21o_2         2
     sky130_fd_sc_hd__a21oi_2        9
     sky130_fd_sc_hd__a221o_2        2
     sky130_fd_sc_hd__a22o_2         1
     sky130_fd_sc_hd__a22oi_2        1
     sky130_fd_sc_hd__a311o_2        1
     sky130_fd_sc_hd__a311oi_2       3
     sky130_fd_sc_hd__and2b_2        1
     sky130_fd_sc_hd__and3_2         3
     sky130_fd_sc_hd__and3b_2        2
     sky130_fd_sc_hd__and4b_2        1
     sky130_fd_sc_hd__buf_1          4
     sky130_fd_sc_hd__dfxtp_2        4
     sky130_fd_sc_hd__nand2_2        2
     sky130_fd_sc_hd__nand3b_2       2
     sky130_fd_sc_hd__nand4b_2       2
     sky130_fd_sc_hd__nor2_2         1
     sky130_fd_sc_hd__nor3_2         1
     sky130_fd_sc_hd__nor3b_2        1
     sky130_fd_sc_hd__o211a_2        1
     sky130_fd_sc_hd__o21a_2         3
     sky130_fd_sc_hd__o21ai_2        2
     sky130_fd_sc_hd__o22a_2         3
     sky130_fd_sc_hd__or2_2          2
     sky130_fd_sc_hd__or2b_2         3
     sky130_fd_sc_hd__or3_2          1
     sky130_fd_sc_hd__or3b_2         2
     sky130_fd_sc_hd__xnor2_2        3

   Chip area for module '\alu4bit': 683.155200

