
===========================================================================
report_checks -unconstrained
===========================================================================
======================= Typical Corner ===================================

Startpoint: sel[2] (input port clocked by clk)
Endpoint: _124_ (rising edge-triggered flip-flop clocked by clk)
Path Group: clk
Path Type: max

Fanout     Cap    Slew   Delay    Time   Description
-----------------------------------------------------------------------------
                  0.15    0.00    0.00   clock clk (rise edge)
                          0.00    0.00   clock network delay (ideal)
                          2.00    2.00 ^ input external delay
                  0.03    0.02    2.02 ^ sel[2] (in)
     3    0.01                           sel[2] (net)
                  0.03    0.00    2.02 ^ _062_/A (sky130_fd_sc_hd__buf_1)
                  0.31    0.27    2.29 ^ _062_/X (sky130_fd_sc_hd__buf_1)
    10    0.03                           _004_ (net)
                  0.31    0.00    2.29 ^ _072_/A (sky130_fd_sc_hd__or3_2)
                  0.03    0.19    2.48 ^ _072_/X (sky130_fd_sc_hd__or3_2)
     1    0.00                           _014_ (net)
                  0.03    0.00    2.48 ^ _073_/A (sky130_fd_sc_hd__buf_1)
                  0.33    0.28    2.76 ^ _073_/X (sky130_fd_sc_hd__buf_1)
     7    0.03                           _015_ (net)
                  0.33    0.00    2.76 ^ _074_/C_N (sky130_fd_sc_hd__or3b_2)
                  0.07    0.48    3.25 v _074_/X (sky130_fd_sc_hd__or3b_2)
     1    0.00                           _016_ (net)
                  0.07    0.00    3.25 v _076_/B (sky130_fd_sc_hd__and3b_2)
                  0.04    0.20    3.45 v _076_/X (sky130_fd_sc_hd__and3b_2)
     1    0.00                           _018_ (net)
                  0.04    0.00    3.45 v _077_/A (sky130_fd_sc_hd__buf_1)
                  0.02    0.08    3.53 v _077_/X (sky130_fd_sc_hd__buf_1)
     1    0.00                           _000_ (net)
                  0.02    0.00    3.53 v _124_/D (sky130_fd_sc_hd__dfxtp_2)
                                  3.53   data arrival time

                  0.15   10.00   10.00   clock clk (rise edge)
                          0.00   10.00   clock network delay (ideal)
                         -0.25    9.75   clock uncertainty
                          0.00    9.75   clock reconvergence pessimism
                                  9.75 ^ _124_/CLK (sky130_fd_sc_hd__dfxtp_2)
                         -0.08    9.67   library setup time
                                  9.67   data required time
-----------------------------------------------------------------------------
                                  9.67   data required time
                                 -3.53   data arrival time
-----------------------------------------------------------------------------
                                  6.14   slack (MET)




===========================================================================
report_checks --slack_max -0.01
============================================================================
======================= Typical Corner ===================================

No paths found.


===========================================================================
 report_check_types -max_slew -max_cap -max_fanout -violators
============================================================================
======================= Typical Corner ===================================



===========================================================================
report_parasitic_annotation -report_unannotated
============================================================================
Found 79 unannotated drivers.
 A[0]
 A[1]
 A[2]
 A[3]
 B[0]
 B[1]
 B[2]
 B[3]
 clk
 rst
 sel[0]
 sel[1]
 sel[2]
 _062_/X
 _063_/X
 _064_/Y
 _065_/X
 _066_/X
 _067_/Y
 _068_/X
 _069_/X
 _070_/X
 _071_/X
 _072_/X
 _073_/X
 _074_/X
 _075_/X
 _076_/X
 _077_/X
 _078_/Y
 _079_/X
 _080_/Y
 _081_/X
 _082_/Y
 _083_/X
 _084_/X
 _085_/X
 _086_/X
 _087_/Y
 _088_/Y
 _089_/X
 _090_/X
 _091_/Y
 _092_/Y
 _093_/Y
 _094_/Y
 _095_/Y
 _096_/X
 _097_/Y
 _098_/X
 _099_/X
 _100_/Y
 _101_/Y
 _102_/Y
 _103_/Y
 _104_/X
 _105_/X
 _106_/Y
 _107_/Y
 _108_/Y
 _109_/Y
 _110_/Y
 _111_/Y
 _112_/X
 _113_/X
 _114_/Y
 _115_/Y
 _116_/X
 _117_/X
 _118_/X
 _119_/X
 _120_/X
 _121_/Y
 _122_/Y
 _123_/Y
 _124_/Q
 _125_/Q
 _126_/Q
 _127_/Q
Found 0 partially unannotated drivers.

===========================================================================
max slew violation count 0
max fanout violation count 0
max cap violation count 0
============================================================================

===========================================================================
check_setup -verbose -unconstrained_endpoints -multiple_clock -no_clock -no_input_delay -loops -generated_clocks
===========================================================================
