
===========================================================================
report_checks -path_delay max (Setup)
============================================================================
======================= Typical Corner ===================================

Startpoint: sel[2] (input port clocked by clk)
Endpoint: _127_ (rising edge-triggered flip-flop clocked by clk)
Path Group: clk
Path Type: max

Fanout     Cap    Slew   Delay    Time   Description
-----------------------------------------------------------------------------
                          0.00    0.00   clock clk (rise edge)
                          0.00    0.00   clock network delay (propagated)
                          2.00    2.00 v input external delay
                  0.01    0.00    2.00 v sel[2] (in)
     1    0.00                           sel[2] (net)
                  0.01    0.00    2.00 v input12/A (sky130_fd_sc_hd__buf_1)
                  0.04    0.08    2.09 v input12/X (sky130_fd_sc_hd__buf_1)
     3    0.00                           net12 (net)
                  0.04    0.00    2.09 v _080_/A_N (sky130_fd_sc_hd__nand3b_2)
                  0.11    0.25    2.33 v _080_/Y (sky130_fd_sc_hd__nand3b_2)
     5    0.01                           _021_ (net)
                  0.11    0.00    2.33 v _081_/A2 (sky130_fd_sc_hd__a21bo_1)
                  0.04    0.22    2.56 v _081_/X (sky130_fd_sc_hd__a21bo_1)
     2    0.00                           _022_ (net)
                  0.04    0.00    2.56 v _084_/A1 (sky130_fd_sc_hd__a21o_1)
                  0.05    0.17    2.73 v _084_/X (sky130_fd_sc_hd__a21o_1)
     2    0.01                           _025_ (net)
                  0.05    0.00    2.73 v _095_/A1 (sky130_fd_sc_hd__a21oi_2)
                  0.15    0.17    2.90 ^ _095_/Y (sky130_fd_sc_hd__a21oi_2)
     3    0.01                           _035_ (net)
                  0.15    0.00    2.90 ^ _110_/A1 (sky130_fd_sc_hd__o21ai_1)
                  0.06    0.09    2.99 v _110_/Y (sky130_fd_sc_hd__o21ai_1)
     1    0.00                           _049_ (net)
                  0.06    0.00    2.99 v _117_/A1 (sky130_fd_sc_hd__a311o_1)
                  0.05    0.27    3.26 v _117_/X (sky130_fd_sc_hd__a311o_1)
     1    0.00                           _056_ (net)
                  0.05    0.00    3.26 v _123_/A1 (sky130_fd_sc_hd__a311oi_1)
                  0.18    0.19    3.45 ^ _123_/Y (sky130_fd_sc_hd__a311oi_1)
     1    0.00                           _003_ (net)
                  0.18    0.00    3.45 ^ _127_/D (sky130_fd_sc_hd__dfxtp_1)
                                  3.45   data arrival time

                         10.00   10.00   clock clk (rise edge)
                          0.00   10.00   clock source latency
                  0.04    0.03   10.03 ^ clk (in)
     1    0.01                           clk (net)
                  0.04    0.00   10.03 ^ clkbuf_0_clk/A (sky130_fd_sc_hd__clkbuf_16)
                  0.04    0.11   10.14 ^ clkbuf_0_clk/X (sky130_fd_sc_hd__clkbuf_16)
     2    0.02                           clknet_0_clk (net)
                  0.04    0.00   10.14 ^ clkbuf_1_1__f_clk/A (sky130_fd_sc_hd__clkbuf_16)
                  0.03    0.10   10.24 ^ clkbuf_1_1__f_clk/X (sky130_fd_sc_hd__clkbuf_16)
     2    0.00                           clknet_1_1__leaf_clk (net)
                  0.03    0.00   10.24 ^ _127_/CLK (sky130_fd_sc_hd__dfxtp_1)
                         -0.25    9.99   clock uncertainty
                          0.00    9.99   clock reconvergence pessimism
                         -0.09    9.91   library setup time
                                  9.91   data required time
-----------------------------------------------------------------------------
                                  9.91   data required time
                                 -3.45   data arrival time
-----------------------------------------------------------------------------
                                  6.46   slack (MET)


Startpoint: sel[2] (input port clocked by clk)
Endpoint: _125_ (rising edge-triggered flip-flop clocked by clk)
Path Group: clk
Path Type: max

Fanout     Cap    Slew   Delay    Time   Description
-----------------------------------------------------------------------------
                          0.00    0.00   clock clk (rise edge)
                          0.00    0.00   clock network delay (propagated)
                          2.00    2.00 v input external delay
                  0.01    0.00    2.00 v sel[2] (in)
     1    0.00                           sel[2] (net)
                  0.01    0.00    2.00 v input12/A (sky130_fd_sc_hd__buf_1)
                  0.04    0.08    2.09 v input12/X (sky130_fd_sc_hd__buf_1)
     3    0.00                           net12 (net)
                  0.04    0.00    2.09 v _080_/A_N (sky130_fd_sc_hd__nand3b_2)
                  0.11    0.25    2.33 v _080_/Y (sky130_fd_sc_hd__nand3b_2)
     5    0.01                           _021_ (net)
                  0.11    0.00    2.33 v _081_/A2 (sky130_fd_sc_hd__a21bo_1)
                  0.04    0.22    2.56 v _081_/X (sky130_fd_sc_hd__a21bo_1)
     2    0.00                           _022_ (net)
                  0.04    0.00    2.56 v _083_/B (sky130_fd_sc_hd__and3_1)
                  0.05    0.18    2.74 v _083_/X (sky130_fd_sc_hd__and3_1)
     2    0.01                           _024_ (net)
                  0.05    0.00    2.74 v _085_/A (sky130_fd_sc_hd__or2b_1)
                  0.05    0.24    2.98 v _085_/X (sky130_fd_sc_hd__or2b_1)
     1    0.00                           _026_ (net)
                  0.05    0.00    2.98 v _087_/A (sky130_fd_sc_hd__xnor2_1)
                  0.11    0.15    3.12 ^ _087_/Y (sky130_fd_sc_hd__xnor2_1)
     1    0.00                           _028_ (net)
                  0.11    0.00    3.12 ^ _091_/A2 (sky130_fd_sc_hd__a21oi_1)
                  0.04    0.08    3.20 v _091_/Y (sky130_fd_sc_hd__a21oi_1)
     1    0.00                           _032_ (net)
                  0.04    0.00    3.20 v _093_/A3 (sky130_fd_sc_hd__a311oi_1)
                  0.18    0.24    3.44 ^ _093_/Y (sky130_fd_sc_hd__a311oi_1)
     1    0.00                           _001_ (net)
                  0.18    0.00    3.44 ^ _125_/D (sky130_fd_sc_hd__dfxtp_1)
                                  3.44   data arrival time

                         10.00   10.00   clock clk (rise edge)
                          0.00   10.00   clock source latency
                  0.04    0.03   10.03 ^ clk (in)
     1    0.01                           clk (net)
                  0.04    0.00   10.03 ^ clkbuf_0_clk/A (sky130_fd_sc_hd__clkbuf_16)
                  0.04    0.11   10.14 ^ clkbuf_0_clk/X (sky130_fd_sc_hd__clkbuf_16)
     2    0.02                           clknet_0_clk (net)
                  0.04    0.00   10.14 ^ clkbuf_1_0__f_clk/A (sky130_fd_sc_hd__clkbuf_16)
                  0.03    0.10   10.24 ^ clkbuf_1_0__f_clk/X (sky130_fd_sc_hd__clkbuf_16)
     2    0.00                           clknet_1_0__leaf_clk (net)
                  0.03    0.00   10.24 ^ _125_/CLK (sky130_fd_sc_hd__dfxtp_1)
                         -0.25    9.99   clock uncertainty
                          0.00    9.99   clock reconvergence pessimism
                         -0.09    9.91   library setup time
                                  9.91   data required time
-----------------------------------------------------------------------------
                                  9.91   data required time
                                 -3.44   data arrival time
-----------------------------------------------------------------------------
                                  6.46   slack (MET)


Startpoint: B[0] (input port clocked by clk)
Endpoint: _126_ (rising edge-triggered flip-flop clocked by clk)
Path Group: clk
Path Type: max

Fanout     Cap    Slew   Delay    Time   Description
-----------------------------------------------------------------------------
                          0.00    0.00   clock clk (rise edge)
                          0.00    0.00   clock network delay (propagated)
                          2.00    2.00 v input external delay
                  0.01    0.00    2.00 v B[0] (in)
     1    0.00                           B[0] (net)
                  0.01    0.00    2.00 v input5/A (sky130_fd_sc_hd__clkbuf_2)
                  0.06    0.12    2.13 v input5/X (sky130_fd_sc_hd__clkbuf_2)
     7    0.01                           net5 (net)
                  0.06    0.00    2.13 v _096_/A (sky130_fd_sc_hd__or2_1)
                  0.08    0.27    2.40 v _096_/X (sky130_fd_sc_hd__or2_1)
     3    0.01                           _036_ (net)
                  0.08    0.00    2.40 v _098_/C (sky130_fd_sc_hd__and3_1)
                  0.06    0.22    2.62 v _098_/X (sky130_fd_sc_hd__and3_1)
     3    0.01                           _038_ (net)
                  0.06    0.00    2.62 v _100_/C (sky130_fd_sc_hd__nor3_1)
                  0.28    0.24    2.85 ^ _100_/Y (sky130_fd_sc_hd__nor3_1)
     3    0.01                           _040_ (net)
                  0.28    0.00    2.85 ^ _101_/B (sky130_fd_sc_hd__nor2_1)
                  0.07    0.09    2.94 v _101_/Y (sky130_fd_sc_hd__nor2_1)
     1    0.00                           _041_ (net)
                  0.07    0.00    2.94 v _102_/B (sky130_fd_sc_hd__xnor2_1)
                  0.11    0.14    3.08 ^ _102_/Y (sky130_fd_sc_hd__xnor2_1)
     1    0.00                           _042_ (net)
                  0.11    0.00    3.08 ^ _106_/A2 (sky130_fd_sc_hd__a21oi_1)
                  0.04    0.08    3.16 v _106_/Y (sky130_fd_sc_hd__a21oi_1)
     1    0.00                           _046_ (net)
                  0.04    0.00    3.16 v _108_/A3 (sky130_fd_sc_hd__a311oi_1)
                  0.18    0.24    3.40 ^ _108_/Y (sky130_fd_sc_hd__a311oi_1)
     1    0.00                           _002_ (net)
                  0.18    0.00    3.40 ^ _126_/D (sky130_fd_sc_hd__dfxtp_1)
                                  3.40   data arrival time

                         10.00   10.00   clock clk (rise edge)
                          0.00   10.00   clock source latency
                  0.04    0.03   10.03 ^ clk (in)
     1    0.01                           clk (net)
                  0.04    0.00   10.03 ^ clkbuf_0_clk/A (sky130_fd_sc_hd__clkbuf_16)
                  0.04    0.11   10.14 ^ clkbuf_0_clk/X (sky130_fd_sc_hd__clkbuf_16)
     2    0.02                           clknet_0_clk (net)
                  0.04    0.00   10.14 ^ clkbuf_1_1__f_clk/A (sky130_fd_sc_hd__clkbuf_16)
                  0.03    0.10   10.24 ^ clkbuf_1_1__f_clk/X (sky130_fd_sc_hd__clkbuf_16)
     2    0.00                           clknet_1_1__leaf_clk (net)
                  0.03    0.00   10.24 ^ _126_/CLK (sky130_fd_sc_hd__dfxtp_1)
                         -0.25    9.99   clock uncertainty
                          0.00    9.99   clock reconvergence pessimism
                         -0.09    9.91   library setup time
                                  9.91   data required time
-----------------------------------------------------------------------------
                                  9.91   data required time
                                 -3.40   data arrival time
-----------------------------------------------------------------------------
                                  6.51   slack (MET)


Startpoint: sel[2] (input port clocked by clk)
Endpoint: _124_ (rising edge-triggered flip-flop clocked by clk)
Path Group: clk
Path Type: max

Fanout     Cap    Slew   Delay    Time   Description
-----------------------------------------------------------------------------
                          0.00    0.00   clock clk (rise edge)
                          0.00    0.00   clock network delay (propagated)
                          2.00    2.00 v input external delay
                  0.01    0.00    2.00 v sel[2] (in)
     1    0.00                           sel[2] (net)
                  0.01    0.00    2.00 v input12/A (sky130_fd_sc_hd__buf_1)
                  0.04    0.08    2.09 v input12/X (sky130_fd_sc_hd__buf_1)
     3    0.00                           net12 (net)
                  0.04    0.00    2.09 v _062_/A (sky130_fd_sc_hd__buf_2)
                  0.06    0.16    2.24 v _062_/X (sky130_fd_sc_hd__buf_2)
    10    0.02                           _004_ (net)
                  0.06    0.00    2.24 v _069_/C (sky130_fd_sc_hd__and3b_1)
                  0.06    0.21    2.45 v _069_/X (sky130_fd_sc_hd__and3b_1)
     3    0.01                           _011_ (net)
                  0.06    0.00    2.45 v _071_/A2 (sky130_fd_sc_hd__a22o_1)
                  0.04    0.23    2.68 v _071_/X (sky130_fd_sc_hd__a22o_1)
     1    0.00                           _013_ (net)
                  0.04    0.00    2.68 v _074_/B (sky130_fd_sc_hd__or3b_1)
                  0.06    0.34    3.02 v _074_/X (sky130_fd_sc_hd__or3b_1)
     1    0.00                           _016_ (net)
                  0.06    0.00    3.02 v _076_/B (sky130_fd_sc_hd__and3b_1)
                  0.03    0.16    3.19 v _076_/X (sky130_fd_sc_hd__and3b_1)
     1    0.00                           _018_ (net)
                  0.03    0.00    3.19 v _077_/A (sky130_fd_sc_hd__clkbuf_1)
                  0.02    0.08    3.27 v _077_/X (sky130_fd_sc_hd__clkbuf_1)
     1    0.00                           _000_ (net)
                  0.02    0.00    3.27 v _124_/D (sky130_fd_sc_hd__dfxtp_1)
                                  3.27   data arrival time

                         10.00   10.00   clock clk (rise edge)
                          0.00   10.00   clock source latency
                  0.04    0.03   10.03 ^ clk (in)
     1    0.01                           clk (net)
                  0.04    0.00   10.03 ^ clkbuf_0_clk/A (sky130_fd_sc_hd__clkbuf_16)
                  0.04    0.11   10.14 ^ clkbuf_0_clk/X (sky130_fd_sc_hd__clkbuf_16)
     2    0.02                           clknet_0_clk (net)
                  0.04    0.00   10.14 ^ clkbuf_1_0__f_clk/A (sky130_fd_sc_hd__clkbuf_16)
                  0.03    0.10   10.24 ^ clkbuf_1_0__f_clk/X (sky130_fd_sc_hd__clkbuf_16)
     2    0.00                           clknet_1_0__leaf_clk (net)
                  0.03    0.00   10.24 ^ _124_/CLK (sky130_fd_sc_hd__dfxtp_1)
                         -0.25    9.99   clock uncertainty
                          0.00    9.99   clock reconvergence pessimism
                         -0.10    9.89   library setup time
                                  9.89   data required time
-----------------------------------------------------------------------------
                                  9.89   data required time
                                 -3.27   data arrival time
-----------------------------------------------------------------------------
                                  6.62   slack (MET)


Startpoint: _124_ (rising edge-triggered flip-flop clocked by clk)
Endpoint: result[0] (output port clocked by clk)
Path Group: clk
Path Type: max

Fanout     Cap    Slew   Delay    Time   Description
-----------------------------------------------------------------------------
                          0.00    0.00   clock clk (rise edge)
                          0.00    0.00   clock source latency
                  0.04    0.03    0.03 ^ clk (in)
     1    0.01                           clk (net)
                  0.04    0.00    0.03 ^ clkbuf_0_clk/A (sky130_fd_sc_hd__clkbuf_16)
                  0.04    0.13    0.16 ^ clkbuf_0_clk/X (sky130_fd_sc_hd__clkbuf_16)
     2    0.02                           clknet_0_clk (net)
                  0.04    0.00    0.16 ^ clkbuf_1_0__f_clk/A (sky130_fd_sc_hd__clkbuf_16)
                  0.03    0.11    0.27 ^ clkbuf_1_0__f_clk/X (sky130_fd_sc_hd__clkbuf_16)
     2    0.00                           clknet_1_0__leaf_clk (net)
                  0.03    0.00    0.27 ^ _124_/CLK (sky130_fd_sc_hd__dfxtp_1)
                  0.03    0.30    0.57 ^ _124_/Q (sky130_fd_sc_hd__dfxtp_1)
     1    0.00                           net13 (net)
                  0.03    0.00    0.57 ^ output13/A (sky130_fd_sc_hd__buf_2)
                  0.17    0.20    0.77 ^ output13/X (sky130_fd_sc_hd__buf_2)
     1    0.03                           result[0] (net)
                  0.17    0.00    0.77 ^ result[0] (out)
                                  0.77   data arrival time

                         10.00   10.00   clock clk (rise edge)
                          0.00   10.00   clock network delay (propagated)
                         -0.25    9.75   clock uncertainty
                          0.00    9.75   clock reconvergence pessimism
                         -2.00    7.75   output external delay
                                  7.75   data required time
-----------------------------------------------------------------------------
                                  7.75   data required time
                                 -0.77   data arrival time
-----------------------------------------------------------------------------
                                  6.98   slack (MET)


Startpoint: _125_ (rising edge-triggered flip-flop clocked by clk)
Endpoint: result[1] (output port clocked by clk)
Path Group: clk
Path Type: max

Fanout     Cap    Slew   Delay    Time   Description
-----------------------------------------------------------------------------
                          0.00    0.00   clock clk (rise edge)
                          0.00    0.00   clock source latency
                  0.04    0.03    0.03 ^ clk (in)
     1    0.01                           clk (net)
                  0.04    0.00    0.03 ^ clkbuf_0_clk/A (sky130_fd_sc_hd__clkbuf_16)
                  0.04    0.13    0.16 ^ clkbuf_0_clk/X (sky130_fd_sc_hd__clkbuf_16)
     2    0.02                           clknet_0_clk (net)
                  0.04    0.00    0.16 ^ clkbuf_1_0__f_clk/A (sky130_fd_sc_hd__clkbuf_16)
                  0.03    0.11    0.27 ^ clkbuf_1_0__f_clk/X (sky130_fd_sc_hd__clkbuf_16)
     2    0.00                           clknet_1_0__leaf_clk (net)
                  0.03    0.00    0.27 ^ _125_/CLK (sky130_fd_sc_hd__dfxtp_1)
                  0.04    0.30    0.57 ^ _125_/Q (sky130_fd_sc_hd__dfxtp_1)
     1    0.00                           net14 (net)
                  0.04    0.00    0.57 ^ output14/A (sky130_fd_sc_hd__clkbuf_4)
                  0.11    0.19    0.76 ^ output14/X (sky130_fd_sc_hd__clkbuf_4)
     1    0.03                           result[1] (net)
                  0.11    0.00    0.76 ^ result[1] (out)
                                  0.76   data arrival time

                         10.00   10.00   clock clk (rise edge)
                          0.00   10.00   clock network delay (propagated)
                         -0.25    9.75   clock uncertainty
                          0.00    9.75   clock reconvergence pessimism
                         -2.00    7.75   output external delay
                                  7.75   data required time
-----------------------------------------------------------------------------
                                  7.75   data required time
                                 -0.76   data arrival time
-----------------------------------------------------------------------------
                                  6.99   slack (MET)


Startpoint: _126_ (rising edge-triggered flip-flop clocked by clk)
Endpoint: result[2] (output port clocked by clk)
Path Group: clk
Path Type: max

Fanout     Cap    Slew   Delay    Time   Description
-----------------------------------------------------------------------------
                          0.00    0.00   clock clk (rise edge)
                          0.00    0.00   clock source latency
                  0.04    0.03    0.03 ^ clk (in)
     1    0.01                           clk (net)
                  0.04    0.00    0.03 ^ clkbuf_0_clk/A (sky130_fd_sc_hd__clkbuf_16)
                  0.04    0.13    0.16 ^ clkbuf_0_clk/X (sky130_fd_sc_hd__clkbuf_16)
     2    0.02                           clknet_0_clk (net)
                  0.04    0.00    0.16 ^ clkbuf_1_1__f_clk/A (sky130_fd_sc_hd__clkbuf_16)
                  0.03    0.11    0.27 ^ clkbuf_1_1__f_clk/X (sky130_fd_sc_hd__clkbuf_16)
     2    0.00                           clknet_1_1__leaf_clk (net)
                  0.03    0.00    0.27 ^ _126_/CLK (sky130_fd_sc_hd__dfxtp_1)
                  0.04    0.30    0.57 ^ _126_/Q (sky130_fd_sc_hd__dfxtp_1)
     1    0.00                           net15 (net)
                  0.04    0.00    0.57 ^ output15/A (sky130_fd_sc_hd__clkbuf_4)
                  0.11    0.19    0.76 ^ output15/X (sky130_fd_sc_hd__clkbuf_4)
     1    0.03                           result[2] (net)
                  0.11    0.00    0.76 ^ result[2] (out)
                                  0.76   data arrival time

                         10.00   10.00   clock clk (rise edge)
                          0.00   10.00   clock network delay (propagated)
                         -0.25    9.75   clock uncertainty
                          0.00    9.75   clock reconvergence pessimism
                         -2.00    7.75   output external delay
                                  7.75   data required time
-----------------------------------------------------------------------------
                                  7.75   data required time
                                 -0.76   data arrival time
-----------------------------------------------------------------------------
                                  6.99   slack (MET)


Startpoint: _127_ (rising edge-triggered flip-flop clocked by clk)
Endpoint: result[3] (output port clocked by clk)
Path Group: clk
Path Type: max

Fanout     Cap    Slew   Delay    Time   Description
-----------------------------------------------------------------------------
                          0.00    0.00   clock clk (rise edge)
                          0.00    0.00   clock source latency
                  0.04    0.03    0.03 ^ clk (in)
     1    0.01                           clk (net)
                  0.04    0.00    0.03 ^ clkbuf_0_clk/A (sky130_fd_sc_hd__clkbuf_16)
                  0.04    0.13    0.16 ^ clkbuf_0_clk/X (sky130_fd_sc_hd__clkbuf_16)
     2    0.02                           clknet_0_clk (net)
                  0.04    0.00    0.16 ^ clkbuf_1_1__f_clk/A (sky130_fd_sc_hd__clkbuf_16)
                  0.03    0.11    0.27 ^ clkbuf_1_1__f_clk/X (sky130_fd_sc_hd__clkbuf_16)
     2    0.00                           clknet_1_1__leaf_clk (net)
                  0.03    0.00    0.27 ^ _127_/CLK (sky130_fd_sc_hd__dfxtp_1)
                  0.04    0.30    0.57 ^ _127_/Q (sky130_fd_sc_hd__dfxtp_1)
     1    0.00                           net16 (net)
                  0.04    0.00    0.57 ^ output16/A (sky130_fd_sc_hd__clkbuf_4)
                  0.11    0.19    0.76 ^ output16/X (sky130_fd_sc_hd__clkbuf_4)
     1    0.03                           result[3] (net)
                  0.11    0.00    0.76 ^ result[3] (out)
                                  0.76   data arrival time

                         10.00   10.00   clock clk (rise edge)
                          0.00   10.00   clock network delay (propagated)
                         -0.25    9.75   clock uncertainty
                          0.00    9.75   clock reconvergence pessimism
                         -2.00    7.75   output external delay
                                  7.75   data required time
-----------------------------------------------------------------------------
                                  7.75   data required time
                                 -0.76   data arrival time
-----------------------------------------------------------------------------
                                  6.99   slack (MET)



