
===========================================================================
report_checks -path_delay min (Hold)
============================================================================
======================= Typical Corner ===================================

Startpoint: rst (input port clocked by clk)
Endpoint: _125_ (rising edge-triggered flip-flop clocked by clk)
Path Group: clk
Path Type: min

Fanout     Cap    Slew   Delay    Time   Description
-----------------------------------------------------------------------------
                          0.00    0.00   clock clk (rise edge)
                          0.00    0.00   clock network delay (propagated)
                          2.00    2.00 ^ input external delay
                  0.02    0.01    2.01 ^ rst (in)
     1    0.00                           rst (net)
                  0.02    0.00    2.01 ^ input9/A (sky130_fd_sc_hd__buf_1)
                  0.12    0.11    2.12 ^ input9/X (sky130_fd_sc_hd__buf_1)
     4    0.01                           net9 (net)
                  0.12    0.00    2.12 ^ _093_/C1 (sky130_fd_sc_hd__a311oi_1)
                  0.04    0.05    2.17 v _093_/Y (sky130_fd_sc_hd__a311oi_1)
     1    0.00                           _001_ (net)
                  0.04    0.00    2.17 v _125_/D (sky130_fd_sc_hd__dfxtp_1)
                                  2.17   data arrival time

                          0.00    0.00   clock clk (rise edge)
                          0.00    0.00   clock source latency
                  0.04    0.03    0.03 ^ clk (in)
     1    0.01                           clk (net)
                  0.04    0.00    0.03 ^ clkbuf_0_clk/A (sky130_fd_sc_hd__clkbuf_16)
                  0.04    0.13    0.16 ^ clkbuf_0_clk/X (sky130_fd_sc_hd__clkbuf_16)
     2    0.02                           clknet_0_clk (net)
                  0.04    0.00    0.16 ^ clkbuf_1_0__f_clk/A (sky130_fd_sc_hd__clkbuf_16)
                  0.03    0.11    0.27 ^ clkbuf_1_0__f_clk/X (sky130_fd_sc_hd__clkbuf_16)
     2    0.00                           clknet_1_0__leaf_clk (net)
                  0.03    0.00    0.27 ^ _125_/CLK (sky130_fd_sc_hd__dfxtp_1)
                          0.25    0.52   clock uncertainty
                          0.00    0.52   clock reconvergence pessimism
                         -0.05    0.46   library hold time
                                  0.46   data required time
-----------------------------------------------------------------------------
                                  0.46   data required time
                                 -2.17   data arrival time
-----------------------------------------------------------------------------
                                  1.71   slack (MET)


Startpoint: rst (input port clocked by clk)
Endpoint: _126_ (rising edge-triggered flip-flop clocked by clk)
Path Group: clk
Path Type: min

Fanout     Cap    Slew   Delay    Time   Description
-----------------------------------------------------------------------------
                          0.00    0.00   clock clk (rise edge)
                          0.00    0.00   clock network delay (propagated)
                          2.00    2.00 ^ input external delay
                  0.02    0.01    2.01 ^ rst (in)
     1    0.00                           rst (net)
                  0.02    0.00    2.01 ^ input9/A (sky130_fd_sc_hd__buf_1)
                  0.12    0.11    2.12 ^ input9/X (sky130_fd_sc_hd__buf_1)
     4    0.01                           net9 (net)
                  0.12    0.00    2.12 ^ _108_/C1 (sky130_fd_sc_hd__a311oi_1)
                  0.04    0.05    2.17 v _108_/Y (sky130_fd_sc_hd__a311oi_1)
     1    0.00                           _002_ (net)
                  0.04    0.00    2.17 v _126_/D (sky130_fd_sc_hd__dfxtp_1)
                                  2.17   data arrival time

                          0.00    0.00   clock clk (rise edge)
                          0.00    0.00   clock source latency
                  0.04    0.03    0.03 ^ clk (in)
     1    0.01                           clk (net)
                  0.04    0.00    0.03 ^ clkbuf_0_clk/A (sky130_fd_sc_hd__clkbuf_16)
                  0.04    0.13    0.16 ^ clkbuf_0_clk/X (sky130_fd_sc_hd__clkbuf_16)
     2    0.02                           clknet_0_clk (net)
                  0.04    0.00    0.16 ^ clkbuf_1_1__f_clk/A (sky130_fd_sc_hd__clkbuf_16)
                  0.03    0.11    0.27 ^ clkbuf_1_1__f_clk/X (sky130_fd_sc_hd__clkbuf_16)
     2    0.00                           clknet_1_1__leaf_clk (net)
                  0.03    0.00    0.27 ^ _126_/CLK (sky130_fd_sc_hd__dfxtp_1)
                          0.25    0.52   clock uncertainty
                          0.00    0.52   clock reconvergence pessimism
                         -0.05    0.46   library hold time
                                  0.46   data required time
-----------------------------------------------------------------------------
                                  0.46   data required time
                                 -2.17   data arrival time
-----------------------------------------------------------------------------
                                  1.71   slack (MET)


Startpoint: rst (input port clocked by clk)
Endpoint: _127_ (rising edge-triggered flip-flop clocked by clk)
Path Group: clk
Path Type: min

Fanout     Cap    Slew   Delay    Time   Description
-----------------------------------------------------------------------------
                          0.00    0.00   clock clk (rise edge)
                          0.00    0.00   clock network delay (propagated)
                          2.00    2.00 ^ input external delay
                  0.02    0.01    2.01 ^ rst (in)
     1    0.00                           rst (net)
                  0.02    0.00    2.01 ^ input9/A (sky130_fd_sc_hd__buf_1)
                  0.12    0.11    2.12 ^ input9/X (sky130_fd_sc_hd__buf_1)
     4    0.01                           net9 (net)
                  0.12    0.00    2.12 ^ _123_/C1 (sky130_fd_sc_hd__a311oi_1)
                  0.04    0.05    2.17 v _123_/Y (sky130_fd_sc_hd__a311oi_1)
     1    0.00                           _003_ (net)
                  0.04    0.00    2.17 v _127_/D (sky130_fd_sc_hd__dfxtp_1)
                                  2.17   data arrival time

                          0.00    0.00   clock clk (rise edge)
                          0.00    0.00   clock source latency
                  0.04    0.03    0.03 ^ clk (in)
     1    0.01                           clk (net)
                  0.04    0.00    0.03 ^ clkbuf_0_clk/A (sky130_fd_sc_hd__clkbuf_16)
                  0.04    0.13    0.16 ^ clkbuf_0_clk/X (sky130_fd_sc_hd__clkbuf_16)
     2    0.02                           clknet_0_clk (net)
                  0.04    0.00    0.16 ^ clkbuf_1_1__f_clk/A (sky130_fd_sc_hd__clkbuf_16)
                  0.03    0.11    0.27 ^ clkbuf_1_1__f_clk/X (sky130_fd_sc_hd__clkbuf_16)
     2    0.00                           clknet_1_1__leaf_clk (net)
                  0.03    0.00    0.27 ^ _127_/CLK (sky130_fd_sc_hd__dfxtp_1)
                          0.25    0.52   clock uncertainty
                          0.00    0.52   clock reconvergence pessimism
                         -0.05    0.46   library hold time
                                  0.46   data required time
-----------------------------------------------------------------------------
                                  0.46   data required time
                                 -2.17   data arrival time
-----------------------------------------------------------------------------
                                  1.71   slack (MET)


Startpoint: rst (input port clocked by clk)
Endpoint: _124_ (rising edge-triggered flip-flop clocked by clk)
Path Group: clk
Path Type: min

Fanout     Cap    Slew   Delay    Time   Description
-----------------------------------------------------------------------------
                          0.00    0.00   clock clk (rise edge)
                          0.00    0.00   clock network delay (propagated)
                          2.00    2.00 v input external delay
                  0.01    0.00    2.00 v rst (in)
     1    0.00                           rst (net)
                  0.01    0.00    2.00 v input9/A (sky130_fd_sc_hd__buf_1)
                  0.05    0.09    2.09 v input9/X (sky130_fd_sc_hd__buf_1)
     4    0.01                           net9 (net)
                  0.05    0.00    2.09 v _076_/A_N (sky130_fd_sc_hd__and3b_1)
                  0.05    0.19    2.28 ^ _076_/X (sky130_fd_sc_hd__and3b_1)
     1    0.00                           _018_ (net)
                  0.05    0.00    2.28 ^ _077_/A (sky130_fd_sc_hd__clkbuf_1)
                  0.03    0.07    2.35 ^ _077_/X (sky130_fd_sc_hd__clkbuf_1)
     1    0.00                           _000_ (net)
                  0.03    0.00    2.35 ^ _124_/D (sky130_fd_sc_hd__dfxtp_1)
                                  2.35   data arrival time

                          0.00    0.00   clock clk (rise edge)
                          0.00    0.00   clock source latency
                  0.04    0.03    0.03 ^ clk (in)
     1    0.01                           clk (net)
                  0.04    0.00    0.03 ^ clkbuf_0_clk/A (sky130_fd_sc_hd__clkbuf_16)
                  0.04    0.13    0.16 ^ clkbuf_0_clk/X (sky130_fd_sc_hd__clkbuf_16)
     2    0.02                           clknet_0_clk (net)
                  0.04    0.00    0.16 ^ clkbuf_1_0__f_clk/A (sky130_fd_sc_hd__clkbuf_16)
                  0.03    0.11    0.27 ^ clkbuf_1_0__f_clk/X (sky130_fd_sc_hd__clkbuf_16)
     2    0.00                           clknet_1_0__leaf_clk (net)
                  0.03    0.00    0.27 ^ _124_/CLK (sky130_fd_sc_hd__dfxtp_1)
                          0.25    0.52   clock uncertainty
                          0.00    0.52   clock reconvergence pessimism
                         -0.03    0.49   library hold time
                                  0.49   data required time
-----------------------------------------------------------------------------
                                  0.49   data required time
                                 -2.35   data arrival time
-----------------------------------------------------------------------------
                                  1.86   slack (MET)


Startpoint: _124_ (rising edge-triggered flip-flop clocked by clk)
Endpoint: result[0] (output port clocked by clk)
Path Group: clk
Path Type: min

Fanout     Cap    Slew   Delay    Time   Description
-----------------------------------------------------------------------------
                          0.00    0.00   clock clk (rise edge)
                          0.00    0.00   clock source latency
                  0.04    0.03    0.03 ^ clk (in)
     1    0.01                           clk (net)
                  0.04    0.00    0.03 ^ clkbuf_0_clk/A (sky130_fd_sc_hd__clkbuf_16)
                  0.04    0.11    0.14 ^ clkbuf_0_clk/X (sky130_fd_sc_hd__clkbuf_16)
     2    0.02                           clknet_0_clk (net)
                  0.04    0.00    0.14 ^ clkbuf_1_0__f_clk/A (sky130_fd_sc_hd__clkbuf_16)
                  0.03    0.10    0.24 ^ clkbuf_1_0__f_clk/X (sky130_fd_sc_hd__clkbuf_16)
     2    0.00                           clknet_1_0__leaf_clk (net)
                  0.03    0.00    0.24 ^ _124_/CLK (sky130_fd_sc_hd__dfxtp_1)
                  0.02    0.26    0.51 v _124_/Q (sky130_fd_sc_hd__dfxtp_1)
     1    0.00                           net13 (net)
                  0.02    0.00    0.51 v output13/A (sky130_fd_sc_hd__buf_2)
                  0.09    0.16    0.67 v output13/X (sky130_fd_sc_hd__buf_2)
     1    0.03                           result[0] (net)
                  0.09    0.00    0.67 v result[0] (out)
                                  0.67   data arrival time

                          0.00    0.00   clock clk (rise edge)
                          0.00    0.00   clock network delay (propagated)
                          0.25    0.25   clock uncertainty
                          0.00    0.25   clock reconvergence pessimism
                         -2.00   -1.75   output external delay
                                 -1.75   data required time
-----------------------------------------------------------------------------
                                 -1.75   data required time
                                 -0.67   data arrival time
-----------------------------------------------------------------------------
                                  2.42   slack (MET)


Startpoint: _125_ (rising edge-triggered flip-flop clocked by clk)
Endpoint: result[1] (output port clocked by clk)
Path Group: clk
Path Type: min

Fanout     Cap    Slew   Delay    Time   Description
-----------------------------------------------------------------------------
                          0.00    0.00   clock clk (rise edge)
                          0.00    0.00   clock source latency
                  0.04    0.03    0.03 ^ clk (in)
     1    0.01                           clk (net)
                  0.04    0.00    0.03 ^ clkbuf_0_clk/A (sky130_fd_sc_hd__clkbuf_16)
                  0.04    0.11    0.14 ^ clkbuf_0_clk/X (sky130_fd_sc_hd__clkbuf_16)
     2    0.02                           clknet_0_clk (net)
                  0.04    0.00    0.14 ^ clkbuf_1_0__f_clk/A (sky130_fd_sc_hd__clkbuf_16)
                  0.03    0.10    0.24 ^ clkbuf_1_0__f_clk/X (sky130_fd_sc_hd__clkbuf_16)
     2    0.00                           clknet_1_0__leaf_clk (net)
                  0.03    0.00    0.24 ^ _125_/CLK (sky130_fd_sc_hd__dfxtp_1)
                  0.02    0.27    0.51 v _125_/Q (sky130_fd_sc_hd__dfxtp_1)
     1    0.00                           net14 (net)
                  0.02    0.00    0.51 v output14/A (sky130_fd_sc_hd__clkbuf_4)
                  0.08    0.16    0.67 v output14/X (sky130_fd_sc_hd__clkbuf_4)
     1    0.03                           result[1] (net)
                  0.08    0.00    0.67 v result[1] (out)
                                  0.67   data arrival time

                          0.00    0.00   clock clk (rise edge)
                          0.00    0.00   clock network delay (propagated)
                          0.25    0.25   clock uncertainty
                          0.00    0.25   clock reconvergence pessimism
                         -2.00   -1.75   output external delay
                                 -1.75   data required time
-----------------------------------------------------------------------------
                                 -1.75   data required time
                                 -0.67   data arrival time
-----------------------------------------------------------------------------
                                  2.42   slack (MET)


Startpoint: _126_ (rising edge-triggered flip-flop clocked by clk)
Endpoint: result[2] (output port clocked by clk)
Path Group: clk
Path Type: min

Fanout     Cap    Slew   Delay    Time   Description
-----------------------------------------------------------------------------
                          0.00    0.00   clock clk (rise edge)
                          0.00    0.00   clock source latency
                  0.04    0.03    0.03 ^ clk (in)
     1    0.01                           clk (net)
                  0.04    0.00    0.03 ^ clkbuf_0_clk/A (sky130_fd_sc_hd__clkbuf_16)
                  0.04    0.11    0.14 ^ clkbuf_0_clk/X (sky130_fd_sc_hd__clkbuf_16)
     2    0.02                           clknet_0_clk (net)
                  0.04    0.00    0.14 ^ clkbuf_1_1__f_clk/A (sky130_fd_sc_hd__clkbuf_16)
                  0.03    0.10    0.24 ^ clkbuf_1_1__f_clk/X (sky130_fd_sc_hd__clkbuf_16)
     2    0.00                           clknet_1_1__leaf_clk (net)
                  0.03    0.00    0.24 ^ _126_/CLK (sky130_fd_sc_hd__dfxtp_1)
                  0.02    0.27    0.51 v _126_/Q (sky130_fd_sc_hd__dfxtp_1)
     1    0.00                           net15 (net)
                  0.02    0.00    0.51 v output15/A (sky130_fd_sc_hd__clkbuf_4)
                  0.08    0.16    0.67 v output15/X (sky130_fd_sc_hd__clkbuf_4)
     1    0.03                           result[2] (net)
                  0.08    0.00    0.67 v result[2] (out)
                                  0.67   data arrival time

                          0.00    0.00   clock clk (rise edge)
                          0.00    0.00   clock network delay (propagated)
                          0.25    0.25   clock uncertainty
                          0.00    0.25   clock reconvergence pessimism
                         -2.00   -1.75   output external delay
                                 -1.75   data required time
-----------------------------------------------------------------------------
                                 -1.75   data required time
                                 -0.67   data arrival time
-----------------------------------------------------------------------------
                                  2.42   slack (MET)


Startpoint: _127_ (rising edge-triggered flip-flop clocked by clk)
Endpoint: result[3] (output port clocked by clk)
Path Group: clk
Path Type: min

Fanout     Cap    Slew   Delay    Time   Description
-----------------------------------------------------------------------------
                          0.00    0.00   clock clk (rise edge)
                          0.00    0.00   clock source latency
                  0.04    0.03    0.03 ^ clk (in)
     1    0.01                           clk (net)
                  0.04    0.00    0.03 ^ clkbuf_0_clk/A (sky130_fd_sc_hd__clkbuf_16)
                  0.04    0.11    0.14 ^ clkbuf_0_clk/X (sky130_fd_sc_hd__clkbuf_16)
     2    0.02                           clknet_0_clk (net)
                  0.04    0.00    0.14 ^ clkbuf_1_1__f_clk/A (sky130_fd_sc_hd__clkbuf_16)
                  0.03    0.10    0.24 ^ clkbuf_1_1__f_clk/X (sky130_fd_sc_hd__clkbuf_16)
     2    0.00                           clknet_1_1__leaf_clk (net)
                  0.03    0.00    0.24 ^ _127_/CLK (sky130_fd_sc_hd__dfxtp_1)
                  0.02    0.27    0.51 v _127_/Q (sky130_fd_sc_hd__dfxtp_1)
     1    0.00                           net16 (net)
                  0.02    0.00    0.51 v output16/A (sky130_fd_sc_hd__clkbuf_4)
                  0.08    0.16    0.67 v output16/X (sky130_fd_sc_hd__clkbuf_4)
     1    0.03                           result[3] (net)
                  0.08    0.00    0.67 v result[3] (out)
                                  0.67   data arrival time

                          0.00    0.00   clock clk (rise edge)
                          0.00    0.00   clock network delay (propagated)
                          0.25    0.25   clock uncertainty
                          0.00    0.25   clock reconvergence pessimism
                         -2.00   -1.75   output external delay
                                 -1.75   data required time
-----------------------------------------------------------------------------
                                 -1.75   data required time
                                 -0.67   data arrival time
-----------------------------------------------------------------------------
                                  2.42   slack (MET)



