
===========================================================================
 report_power
============================================================================
======================= Fastest Corner ===================================

Group                  Internal  Switching    Leakage      Total
                          Power      Power      Power      Power (Watts)
----------------------------------------------------------------
Sequential             2.08e-05   4.78e-07   5.81e-11   2.12e-05  16.4%
Combinational          7.33e-05   3.47e-05   8.70e-10   1.08e-04  83.6%
Macro                  0.00e+00   0.00e+00   0.00e+00   0.00e+00   0.0%
Pad                    0.00e+00   0.00e+00   0.00e+00   0.00e+00   0.0%
----------------------------------------------------------------
Total                  9.41e-05   3.52e-05   9.28e-10   1.29e-04 100.0%
                          72.8%      27.2%       0.0%

======================= Slowest Corner ===================================

Group                  Internal  Switching    Leakage      Total
                          Power      Power      Power      Power (Watts)
----------------------------------------------------------------
Sequential             1.41e-05   3.16e-07   5.86e-08   1.45e-05  16.0%
Combinational          5.25e-05   2.29e-05   3.85e-07   7.58e-05  84.0%
Macro                  0.00e+00   0.00e+00   0.00e+00   0.00e+00   0.0%
Pad                    0.00e+00   0.00e+00   0.00e+00   0.00e+00   0.0%
----------------------------------------------------------------
Total                  6.66e-05   2.32e-05   4.44e-07   9.03e-05 100.0%
                          73.8%      25.7%       0.5%

======================= Typical Corner ===================================

Group                  Internal  Switching    Leakage      Total
                          Power      Power      Power      Power (Watts)
----------------------------------------------------------------
Sequential             1.79e-05   4.02e-07   3.38e-11   1.83e-05  16.3%
Combinational          6.45e-05   2.93e-05   5.14e-10   9.38e-05  83.7%
Macro                  0.00e+00   0.00e+00   0.00e+00   0.00e+00   0.0%
Pad                    0.00e+00   0.00e+00   0.00e+00   0.00e+00   0.0%
----------------------------------------------------------------
Total                  8.24e-05   2.97e-05   5.47e-10   1.12e-04 100.0%
                          73.5%      26.5%       0.0%

