
===========================================================================
report_checks -path_delay max (Setup)
============================================================================
======================= Fastest Corner ===================================

Startpoint: sel[0] (input port clocked by clk)
Endpoint: _127_ (rising edge-triggered flip-flop clocked by clk)
Path Group: clk
Path Type: max
Corner: Fastest

Fanout     Cap    Slew   Delay    Time   Description
-----------------------------------------------------------------------------
                          0.00    0.00   clock clk (rise edge)
                          0.00    0.00   clock network delay (propagated)
                          2.00    2.00 ^ input external delay
                  0.01    0.01    2.01 ^ sel[0] (in)
     1    0.00                           sel[0] (net)
                  0.01    0.00    2.01 ^ input10/A (sky130_fd_sc_hd__buf_2)
                  0.13    0.14    2.14 ^ input10/X (sky130_fd_sc_hd__buf_2)
    10    0.03                           net10 (net)
                  0.13    0.00    2.14 ^ _080_/B (sky130_fd_sc_hd__nand3b_2)
                  0.08    0.09    2.24 v _080_/Y (sky130_fd_sc_hd__nand3b_2)
     5    0.02                           _021_ (net)
                  0.08    0.00    2.24 v _081_/A2 (sky130_fd_sc_hd__a21bo_1)
                  0.03    0.15    2.39 v _081_/X (sky130_fd_sc_hd__a21bo_1)
     2    0.00                           _022_ (net)
                  0.03    0.00    2.39 v _084_/A1 (sky130_fd_sc_hd__a21o_1)
                  0.04    0.12    2.50 v _084_/X (sky130_fd_sc_hd__a21o_1)
     2    0.01                           _025_ (net)
                  0.04    0.00    2.50 v _095_/A1 (sky130_fd_sc_hd__a21oi_2)
                  0.14    0.15    2.65 ^ _095_/Y (sky130_fd_sc_hd__a21oi_2)
     3    0.01                           _035_ (net)
                  0.14    0.00    2.66 ^ _110_/A1 (sky130_fd_sc_hd__o21ai_1)
                  0.05    0.06    2.71 v _110_/Y (sky130_fd_sc_hd__o21ai_1)
     1    0.00                           _049_ (net)
                  0.05    0.00    2.71 v _117_/A1 (sky130_fd_sc_hd__a311o_1)
                  0.04    0.17    2.89 v _117_/X (sky130_fd_sc_hd__a311o_1)
     1    0.00                           _056_ (net)
                  0.04    0.00    2.89 v _123_/A1 (sky130_fd_sc_hd__a311oi_1)
                  0.16    0.16    3.04 ^ _123_/Y (sky130_fd_sc_hd__a311oi_1)
     1    0.00                           _003_ (net)
                  0.16    0.00    3.04 ^ _127_/D (sky130_fd_sc_hd__dfxtp_1)
                                  3.04   data arrival time

                         10.00   10.00   clock clk (rise edge)
                          0.00   10.00   clock source latency
                  0.05    0.03   10.03 ^ clk (in)
     1    0.01                           clk (net)
                  0.05    0.00   10.03 ^ clkbuf_0_clk/A (sky130_fd_sc_hd__clkbuf_16)
                  0.03    0.09   10.12 ^ clkbuf_0_clk/X (sky130_fd_sc_hd__clkbuf_16)
     2    0.02                           clknet_0_clk (net)
                  0.03    0.00   10.12 ^ clkbuf_1_1__f_clk/A (sky130_fd_sc_hd__clkbuf_16)
                  0.02    0.07   10.19 ^ clkbuf_1_1__f_clk/X (sky130_fd_sc_hd__clkbuf_16)
     2    0.01                           clknet_1_1__leaf_clk (net)
                  0.02    0.00   10.19 ^ _127_/CLK (sky130_fd_sc_hd__dfxtp_1)
                         -0.25    9.94   clock uncertainty
                          0.00    9.94   clock reconvergence pessimism
                         -0.04    9.90   library setup time
                                  9.90   data required time
-----------------------------------------------------------------------------
                                  9.90   data required time
                                 -3.04   data arrival time
-----------------------------------------------------------------------------
                                  6.85   slack (MET)


Startpoint: sel[0] (input port clocked by clk)
Endpoint: _125_ (rising edge-triggered flip-flop clocked by clk)
Path Group: clk
Path Type: max
Corner: Fastest

Fanout     Cap    Slew   Delay    Time   Description
-----------------------------------------------------------------------------
                          0.00    0.00   clock clk (rise edge)
                          0.00    0.00   clock network delay (propagated)
                          2.00    2.00 ^ input external delay
                  0.01    0.01    2.01 ^ sel[0] (in)
     1    0.00                           sel[0] (net)
                  0.01    0.00    2.01 ^ input10/A (sky130_fd_sc_hd__buf_2)
                  0.13    0.14    2.14 ^ input10/X (sky130_fd_sc_hd__buf_2)
    10    0.03                           net10 (net)
                  0.13    0.00    2.14 ^ _080_/B (sky130_fd_sc_hd__nand3b_2)
                  0.08    0.09    2.24 v _080_/Y (sky130_fd_sc_hd__nand3b_2)
     5    0.02                           _021_ (net)
                  0.08    0.00    2.24 v _081_/A2 (sky130_fd_sc_hd__a21bo_1)
                  0.03    0.15    2.39 v _081_/X (sky130_fd_sc_hd__a21bo_1)
     2    0.00                           _022_ (net)
                  0.03    0.00    2.39 v _083_/B (sky130_fd_sc_hd__and3_1)
                  0.04    0.12    2.51 v _083_/X (sky130_fd_sc_hd__and3_1)
     2    0.01                           _024_ (net)
                  0.04    0.00    2.51 v _085_/A (sky130_fd_sc_hd__or2b_1)
                  0.04    0.15    2.66 v _085_/X (sky130_fd_sc_hd__or2b_1)
     1    0.01                           _026_ (net)
                  0.04    0.00    2.66 v _087_/A (sky130_fd_sc_hd__xnor2_1)
                  0.12    0.14    2.80 ^ _087_/Y (sky130_fd_sc_hd__xnor2_1)
     1    0.01                           _028_ (net)
                  0.12    0.00    2.80 ^ _091_/A2 (sky130_fd_sc_hd__a21oi_1)
                  0.04    0.06    2.85 v _091_/Y (sky130_fd_sc_hd__a21oi_1)
     1    0.00                           _032_ (net)
                  0.04    0.00    2.85 v _093_/A3 (sky130_fd_sc_hd__a311oi_1)
                  0.15    0.19    3.04 ^ _093_/Y (sky130_fd_sc_hd__a311oi_1)
     1    0.00                           _001_ (net)
                  0.15    0.00    3.04 ^ _125_/D (sky130_fd_sc_hd__dfxtp_1)
                                  3.04   data arrival time

                         10.00   10.00   clock clk (rise edge)
                          0.00   10.00   clock source latency
                  0.05    0.03   10.03 ^ clk (in)
     1    0.01                           clk (net)
                  0.05    0.00   10.03 ^ clkbuf_0_clk/A (sky130_fd_sc_hd__clkbuf_16)
                  0.03    0.09   10.12 ^ clkbuf_0_clk/X (sky130_fd_sc_hd__clkbuf_16)
     2    0.02                           clknet_0_clk (net)
                  0.03    0.00   10.12 ^ clkbuf_1_0__f_clk/A (sky130_fd_sc_hd__clkbuf_16)
                  0.02    0.07   10.19 ^ clkbuf_1_0__f_clk/X (sky130_fd_sc_hd__clkbuf_16)
     2    0.01                           clknet_1_0__leaf_clk (net)
                  0.02    0.00   10.19 ^ _125_/CLK (sky130_fd_sc_hd__dfxtp_1)
                         -0.25    9.94   clock uncertainty
                          0.00    9.94   clock reconvergence pessimism
                         -0.04    9.90   library setup time
                                  9.90   data required time
-----------------------------------------------------------------------------
                                  9.90   data required time
                                 -3.04   data arrival time
-----------------------------------------------------------------------------
                                  6.86   slack (MET)


Startpoint: B[0] (input port clocked by clk)
Endpoint: _126_ (rising edge-triggered flip-flop clocked by clk)
Path Group: clk
Path Type: max
Corner: Fastest

Fanout     Cap    Slew   Delay    Time   Description
-----------------------------------------------------------------------------
                          0.00    0.00   clock clk (rise edge)
                          0.00    0.00   clock network delay (propagated)
                          2.00    2.00 v input external delay
                  0.01    0.00    2.00 v B[0] (in)
     1    0.00                           B[0] (net)
                  0.01    0.00    2.00 v input5/A (sky130_fd_sc_hd__clkbuf_2)
                  0.07    0.10    2.10 v input5/X (sky130_fd_sc_hd__clkbuf_2)
     7    0.02                           net5 (net)
                  0.07    0.00    2.11 v _096_/A (sky130_fd_sc_hd__or2_1)
                  0.05    0.18    2.28 v _096_/X (sky130_fd_sc_hd__or2_1)
     3    0.01                           _036_ (net)
                  0.05    0.00    2.28 v _098_/C (sky130_fd_sc_hd__and3_1)
                  0.05    0.16    2.44 v _098_/X (sky130_fd_sc_hd__and3_1)
     3    0.01                           _038_ (net)
                  0.05    0.00    2.44 v _100_/C (sky130_fd_sc_hd__nor3_1)
                  0.23    0.20    2.64 ^ _100_/Y (sky130_fd_sc_hd__nor3_1)
     3    0.01                           _040_ (net)
                  0.23    0.00    2.64 ^ _101_/B (sky130_fd_sc_hd__nor2_1)
                  0.05    0.03    2.68 v _101_/Y (sky130_fd_sc_hd__nor2_1)
     1    0.00                           _041_ (net)
                  0.05    0.00    2.68 v _102_/B (sky130_fd_sc_hd__xnor2_1)
                  0.10    0.11    2.79 ^ _102_/Y (sky130_fd_sc_hd__xnor2_1)
     1    0.00                           _042_ (net)
                  0.10    0.00    2.79 ^ _106_/A2 (sky130_fd_sc_hd__a21oi_1)
                  0.04    0.05    2.84 v _106_/Y (sky130_fd_sc_hd__a21oi_1)
     1    0.00                           _046_ (net)
                  0.04    0.00    2.84 v _108_/A3 (sky130_fd_sc_hd__a311oi_1)
                  0.14    0.18    3.01 ^ _108_/Y (sky130_fd_sc_hd__a311oi_1)
     1    0.00                           _002_ (net)
                  0.14    0.00    3.01 ^ _126_/D (sky130_fd_sc_hd__dfxtp_1)
                                  3.01   data arrival time

                         10.00   10.00   clock clk (rise edge)
                          0.00   10.00   clock source latency
                  0.05    0.03   10.03 ^ clk (in)
     1    0.01                           clk (net)
                  0.05    0.00   10.03 ^ clkbuf_0_clk/A (sky130_fd_sc_hd__clkbuf_16)
                  0.03    0.09   10.12 ^ clkbuf_0_clk/X (sky130_fd_sc_hd__clkbuf_16)
     2    0.02                           clknet_0_clk (net)
                  0.03    0.00   10.12 ^ clkbuf_1_1__f_clk/A (sky130_fd_sc_hd__clkbuf_16)
                  0.02    0.07   10.19 ^ clkbuf_1_1__f_clk/X (sky130_fd_sc_hd__clkbuf_16)
     2    0.01                           clknet_1_1__leaf_clk (net)
                  0.02    0.00   10.19 ^ _126_/CLK (sky130_fd_sc_hd__dfxtp_1)
                         -0.25    9.94   clock uncertainty
                          0.00    9.94   clock reconvergence pessimism
                         -0.04    9.90   library setup time
                                  9.90   data required time
-----------------------------------------------------------------------------
                                  9.90   data required time
                                 -3.01   data arrival time
-----------------------------------------------------------------------------
                                  6.89   slack (MET)


Startpoint: sel[1] (input port clocked by clk)
Endpoint: _124_ (rising edge-triggered flip-flop clocked by clk)
Path Group: clk
Path Type: max
Corner: Fastest

Fanout     Cap    Slew   Delay    Time   Description
-----------------------------------------------------------------------------
                          0.00    0.00   clock clk (rise edge)
                          0.00    0.00   clock network delay (propagated)
                          2.00    2.00 ^ input external delay
                  0.02    0.01    2.01 ^ sel[1] (in)
     1    0.00                           sel[1] (net)
                  0.02    0.00    2.01 ^ input11/A (sky130_fd_sc_hd__buf_1)
                  0.14    0.13    2.14 ^ input11/X (sky130_fd_sc_hd__buf_1)
     3    0.02                           net11 (net)
                  0.14    0.00    2.14 ^ _063_/A (sky130_fd_sc_hd__buf_2)
                  0.12    0.16    2.30 ^ _063_/X (sky130_fd_sc_hd__buf_2)
    10    0.03                           _005_ (net)
                  0.12    0.00    2.30 ^ _072_/C (sky130_fd_sc_hd__or3_1)
                  0.03    0.08    2.38 ^ _072_/X (sky130_fd_sc_hd__or3_1)
     1    0.00                           _014_ (net)
                  0.03    0.00    2.38 ^ _073_/A (sky130_fd_sc_hd__clkbuf_2)
                  0.12    0.13    2.52 ^ _073_/X (sky130_fd_sc_hd__clkbuf_2)
     7    0.03                           _015_ (net)
                  0.12    0.00    2.52 ^ _074_/C_N (sky130_fd_sc_hd__or3b_1)
                  0.04    0.20    2.72 v _074_/X (sky130_fd_sc_hd__or3b_1)
     1    0.00                           _016_ (net)
                  0.04    0.00    2.72 v _076_/B (sky130_fd_sc_hd__and3b_1)
                  0.03    0.11    2.83 v _076_/X (sky130_fd_sc_hd__and3b_1)
     1    0.00                           _018_ (net)
                  0.03    0.00    2.83 v _077_/A (sky130_fd_sc_hd__clkbuf_1)
                  0.02    0.05    2.88 v _077_/X (sky130_fd_sc_hd__clkbuf_1)
     1    0.00                           _000_ (net)
                  0.02    0.00    2.88 v _124_/D (sky130_fd_sc_hd__dfxtp_1)
                                  2.88   data arrival time

                         10.00   10.00   clock clk (rise edge)
                          0.00   10.00   clock source latency
                  0.05    0.03   10.03 ^ clk (in)
     1    0.01                           clk (net)
                  0.05    0.00   10.03 ^ clkbuf_0_clk/A (sky130_fd_sc_hd__clkbuf_16)
                  0.03    0.09   10.12 ^ clkbuf_0_clk/X (sky130_fd_sc_hd__clkbuf_16)
     2    0.02                           clknet_0_clk (net)
                  0.03    0.00   10.12 ^ clkbuf_1_0__f_clk/A (sky130_fd_sc_hd__clkbuf_16)
                  0.02    0.07   10.19 ^ clkbuf_1_0__f_clk/X (sky130_fd_sc_hd__clkbuf_16)
     2    0.01                           clknet_1_0__leaf_clk (net)
                  0.02    0.00   10.19 ^ _124_/CLK (sky130_fd_sc_hd__dfxtp_1)
                         -0.25    9.94   clock uncertainty
                          0.00    9.94   clock reconvergence pessimism
                         -0.07    9.87   library setup time
                                  9.87   data required time
-----------------------------------------------------------------------------
                                  9.87   data required time
                                 -2.88   data arrival time
-----------------------------------------------------------------------------
                                  6.99   slack (MET)


Startpoint: _127_ (rising edge-triggered flip-flop clocked by clk)
Endpoint: result[3] (output port clocked by clk)
Path Group: clk
Path Type: max
Corner: Fastest

Fanout     Cap    Slew   Delay    Time   Description
-----------------------------------------------------------------------------
                          0.00    0.00   clock clk (rise edge)
                          0.00    0.00   clock source latency
                  0.05    0.03    0.03 ^ clk (in)
     1    0.01                           clk (net)
                  0.05    0.00    0.03 ^ clkbuf_0_clk/A (sky130_fd_sc_hd__clkbuf_16)
                  0.03    0.10    0.13 ^ clkbuf_0_clk/X (sky130_fd_sc_hd__clkbuf_16)
     2    0.02                           clknet_0_clk (net)
                  0.03    0.00    0.13 ^ clkbuf_1_1__f_clk/A (sky130_fd_sc_hd__clkbuf_16)
                  0.02    0.08    0.21 ^ clkbuf_1_1__f_clk/X (sky130_fd_sc_hd__clkbuf_16)
     2    0.01                           clknet_1_1__leaf_clk (net)
                  0.02    0.00    0.21 ^ _127_/CLK (sky130_fd_sc_hd__dfxtp_1)
                  0.03    0.19    0.41 ^ _127_/Q (sky130_fd_sc_hd__dfxtp_1)
     1    0.00                           net16 (net)
                  0.03    0.00    0.41 ^ output16/A (sky130_fd_sc_hd__clkbuf_4)
                  0.09    0.13    0.54 ^ output16/X (sky130_fd_sc_hd__clkbuf_4)
     1    0.03                           result[3] (net)
                  0.09    0.00    0.54 ^ result[3] (out)
                                  0.54   data arrival time

                         10.00   10.00   clock clk (rise edge)
                          0.00   10.00   clock network delay (propagated)
                         -0.25    9.75   clock uncertainty
                          0.00    9.75   clock reconvergence pessimism
                         -2.00    7.75   output external delay
                                  7.75   data required time
-----------------------------------------------------------------------------
                                  7.75   data required time
                                 -0.54   data arrival time
-----------------------------------------------------------------------------
                                  7.21   slack (MET)


Startpoint: _124_ (rising edge-triggered flip-flop clocked by clk)
Endpoint: result[0] (output port clocked by clk)
Path Group: clk
Path Type: max
Corner: Fastest

Fanout     Cap    Slew   Delay    Time   Description
-----------------------------------------------------------------------------
                          0.00    0.00   clock clk (rise edge)
                          0.00    0.00   clock source latency
                  0.05    0.03    0.03 ^ clk (in)
     1    0.01                           clk (net)
                  0.05    0.00    0.03 ^ clkbuf_0_clk/A (sky130_fd_sc_hd__clkbuf_16)
                  0.03    0.10    0.13 ^ clkbuf_0_clk/X (sky130_fd_sc_hd__clkbuf_16)
     2    0.02                           clknet_0_clk (net)
                  0.03    0.00    0.13 ^ clkbuf_1_0__f_clk/A (sky130_fd_sc_hd__clkbuf_16)
                  0.02    0.08    0.21 ^ clkbuf_1_0__f_clk/X (sky130_fd_sc_hd__clkbuf_16)
     2    0.01                           clknet_1_0__leaf_clk (net)
                  0.02    0.00    0.21 ^ _124_/CLK (sky130_fd_sc_hd__dfxtp_1)
                  0.03    0.19    0.40 ^ _124_/Q (sky130_fd_sc_hd__dfxtp_1)
     1    0.00                           net13 (net)
                  0.03    0.00    0.40 ^ output13/A (sky130_fd_sc_hd__buf_2)
                  0.13    0.14    0.54 ^ output13/X (sky130_fd_sc_hd__buf_2)
     1    0.03                           result[0] (net)
                  0.13    0.00    0.54 ^ result[0] (out)
                                  0.54   data arrival time

                         10.00   10.00   clock clk (rise edge)
                          0.00   10.00   clock network delay (propagated)
                         -0.25    9.75   clock uncertainty
                          0.00    9.75   clock reconvergence pessimism
                         -2.00    7.75   output external delay
                                  7.75   data required time
-----------------------------------------------------------------------------
                                  7.75   data required time
                                 -0.54   data arrival time
-----------------------------------------------------------------------------
                                  7.21   slack (MET)


Startpoint: _126_ (rising edge-triggered flip-flop clocked by clk)
Endpoint: result[2] (output port clocked by clk)
Path Group: clk
Path Type: max
Corner: Fastest

Fanout     Cap    Slew   Delay    Time   Description
-----------------------------------------------------------------------------
                          0.00    0.00   clock clk (rise edge)
                          0.00    0.00   clock source latency
                  0.05    0.03    0.03 ^ clk (in)
     1    0.01                           clk (net)
                  0.05    0.00    0.03 ^ clkbuf_0_clk/A (sky130_fd_sc_hd__clkbuf_16)
                  0.03    0.10    0.13 ^ clkbuf_0_clk/X (sky130_fd_sc_hd__clkbuf_16)
     2    0.02                           clknet_0_clk (net)
                  0.03    0.00    0.13 ^ clkbuf_1_1__f_clk/A (sky130_fd_sc_hd__clkbuf_16)
                  0.02    0.08    0.21 ^ clkbuf_1_1__f_clk/X (sky130_fd_sc_hd__clkbuf_16)
     2    0.01                           clknet_1_1__leaf_clk (net)
                  0.02    0.00    0.21 ^ _126_/CLK (sky130_fd_sc_hd__dfxtp_1)
                  0.03    0.19    0.40 ^ _126_/Q (sky130_fd_sc_hd__dfxtp_1)
     1    0.00                           net15 (net)
                  0.03    0.00    0.40 ^ output15/A (sky130_fd_sc_hd__clkbuf_4)
                  0.08    0.13    0.54 ^ output15/X (sky130_fd_sc_hd__clkbuf_4)
     1    0.03                           result[2] (net)
                  0.08    0.00    0.54 ^ result[2] (out)
                                  0.54   data arrival time

                         10.00   10.00   clock clk (rise edge)
                          0.00   10.00   clock network delay (propagated)
                         -0.25    9.75   clock uncertainty
                          0.00    9.75   clock reconvergence pessimism
                         -2.00    7.75   output external delay
                                  7.75   data required time
-----------------------------------------------------------------------------
                                  7.75   data required time
                                 -0.54   data arrival time
-----------------------------------------------------------------------------
                                  7.21   slack (MET)


Startpoint: _125_ (rising edge-triggered flip-flop clocked by clk)
Endpoint: result[1] (output port clocked by clk)
Path Group: clk
Path Type: max
Corner: Fastest

Fanout     Cap    Slew   Delay    Time   Description
-----------------------------------------------------------------------------
                          0.00    0.00   clock clk (rise edge)
                          0.00    0.00   clock source latency
                  0.05    0.03    0.03 ^ clk (in)
     1    0.01                           clk (net)
                  0.05    0.00    0.03 ^ clkbuf_0_clk/A (sky130_fd_sc_hd__clkbuf_16)
                  0.03    0.10    0.13 ^ clkbuf_0_clk/X (sky130_fd_sc_hd__clkbuf_16)
     2    0.02                           clknet_0_clk (net)
                  0.03    0.00    0.13 ^ clkbuf_1_0__f_clk/A (sky130_fd_sc_hd__clkbuf_16)
                  0.02    0.08    0.21 ^ clkbuf_1_0__f_clk/X (sky130_fd_sc_hd__clkbuf_16)
     2    0.01                           clknet_1_0__leaf_clk (net)
                  0.02    0.00    0.21 ^ _125_/CLK (sky130_fd_sc_hd__dfxtp_1)
                  0.03    0.19    0.40 ^ _125_/Q (sky130_fd_sc_hd__dfxtp_1)
     1    0.00                           net14 (net)
                  0.03    0.00    0.40 ^ output14/A (sky130_fd_sc_hd__clkbuf_4)
                  0.08    0.13    0.53 ^ output14/X (sky130_fd_sc_hd__clkbuf_4)
     1    0.03                           result[1] (net)
                  0.08    0.00    0.53 ^ result[1] (out)
                                  0.53   data arrival time

                         10.00   10.00   clock clk (rise edge)
                          0.00   10.00   clock network delay (propagated)
                         -0.25    9.75   clock uncertainty
                          0.00    9.75   clock reconvergence pessimism
                         -2.00    7.75   output external delay
                                  7.75   data required time
-----------------------------------------------------------------------------
                                  7.75   data required time
                                 -0.53   data arrival time
-----------------------------------------------------------------------------
                                  7.22   slack (MET)



======================= Slowest Corner ===================================

Startpoint: sel[2] (input port clocked by clk)
Endpoint: _125_ (rising edge-triggered flip-flop clocked by clk)
Path Group: clk
Path Type: max
Corner: Slowest

Fanout     Cap    Slew   Delay    Time   Description
-----------------------------------------------------------------------------
                          0.00    0.00   clock clk (rise edge)
                          0.00    0.00   clock network delay (propagated)
                          2.00    2.00 v input external delay
                  0.02    0.01    2.01 v sel[2] (in)
     1    0.00                           sel[2] (net)
                  0.02    0.00    2.01 v input12/A (sky130_fd_sc_hd__buf_1)
                  0.10    0.19    2.20 v input12/X (sky130_fd_sc_hd__buf_1)
     3    0.01                           net12 (net)
                  0.10    0.00    2.20 v _080_/A_N (sky130_fd_sc_hd__nand3b_2)
                  0.27    0.60    2.79 v _080_/Y (sky130_fd_sc_hd__nand3b_2)
     5    0.02                           _021_ (net)
                  0.27    0.00    2.79 v _081_/A2 (sky130_fd_sc_hd__a21bo_1)
                  0.08    0.46    3.25 v _081_/X (sky130_fd_sc_hd__a21bo_1)
     2    0.00                           _022_ (net)
                  0.08    0.00    3.25 v _083_/B (sky130_fd_sc_hd__and3_1)
                  0.11    0.40    3.65 v _083_/X (sky130_fd_sc_hd__and3_1)
     2    0.01                           _024_ (net)
                  0.11    0.00    3.65 v _085_/A (sky130_fd_sc_hd__or2b_1)
                  0.11    0.55    4.20 v _085_/X (sky130_fd_sc_hd__or2b_1)
     1    0.01                           _026_ (net)
                  0.11    0.00    4.20 v _087_/A (sky130_fd_sc_hd__xnor2_1)
                  0.29    0.35    4.55 ^ _087_/Y (sky130_fd_sc_hd__xnor2_1)
     1    0.01                           _028_ (net)
                  0.29    0.00    4.55 ^ _091_/A2 (sky130_fd_sc_hd__a21oi_1)
                  0.12    0.24    4.78 v _091_/Y (sky130_fd_sc_hd__a21oi_1)
     1    0.00                           _032_ (net)
                  0.12    0.00    4.78 v _093_/A3 (sky130_fd_sc_hd__a311oi_1)
                  0.34    0.48    5.26 ^ _093_/Y (sky130_fd_sc_hd__a311oi_1)
     1    0.00                           _001_ (net)
                  0.34    0.00    5.26 ^ _125_/D (sky130_fd_sc_hd__dfxtp_1)
                                  5.26   data arrival time

                         10.00   10.00   clock clk (rise edge)
                          0.00   10.00   clock source latency
                  0.10    0.06   10.06 ^ clk (in)
     1    0.01                           clk (net)
                  0.10    0.00   10.06 ^ clkbuf_0_clk/A (sky130_fd_sc_hd__clkbuf_16)
                  0.07    0.23   10.29 ^ clkbuf_0_clk/X (sky130_fd_sc_hd__clkbuf_16)
     2    0.02                           clknet_0_clk (net)
                  0.07    0.00   10.29 ^ clkbuf_1_0__f_clk/A (sky130_fd_sc_hd__clkbuf_16)
                  0.05    0.19   10.48 ^ clkbuf_1_0__f_clk/X (sky130_fd_sc_hd__clkbuf_16)
     2    0.01                           clknet_1_0__leaf_clk (net)
                  0.05    0.00   10.48 ^ _125_/CLK (sky130_fd_sc_hd__dfxtp_1)
                         -0.25   10.23   clock uncertainty
                          0.00   10.23   clock reconvergence pessimism
                         -0.20   10.03   library setup time
                                 10.03   data required time
-----------------------------------------------------------------------------
                                 10.03   data required time
                                 -5.26   data arrival time
-----------------------------------------------------------------------------
                                  4.77   slack (MET)


Startpoint: B[0] (input port clocked by clk)
Endpoint: _127_ (rising edge-triggered flip-flop clocked by clk)
Path Group: clk
Path Type: max
Corner: Slowest

Fanout     Cap    Slew   Delay    Time   Description
-----------------------------------------------------------------------------
                          0.00    0.00   clock clk (rise edge)
                          0.00    0.00   clock network delay (propagated)
                          2.00    2.00 v input external delay
                  0.02    0.01    2.01 v B[0] (in)
     1    0.00                           B[0] (net)
                  0.02    0.00    2.01 v input5/A (sky130_fd_sc_hd__clkbuf_2)
                  0.17    0.28    2.29 v input5/X (sky130_fd_sc_hd__clkbuf_2)
     7    0.02                           net5 (net)
                  0.17    0.00    2.29 v _096_/A (sky130_fd_sc_hd__or2_1)
                  0.16    0.64    2.93 v _096_/X (sky130_fd_sc_hd__or2_1)
     3    0.01                           _036_ (net)
                  0.16    0.00    2.93 v _098_/C (sky130_fd_sc_hd__and3_1)
                  0.14    0.50    3.43 v _098_/X (sky130_fd_sc_hd__and3_1)
     3    0.01                           _038_ (net)
                  0.14    0.00    3.43 v _100_/C (sky130_fd_sc_hd__nor3_1)
                  0.59    0.53    3.96 ^ _100_/Y (sky130_fd_sc_hd__nor3_1)
     3    0.01                           _040_ (net)
                  0.59    0.00    3.96 ^ _110_/A2 (sky130_fd_sc_hd__o21ai_1)
                  0.12    0.29    4.26 v _110_/Y (sky130_fd_sc_hd__o21ai_1)
     1    0.00                           _049_ (net)
                  0.12    0.00    4.26 v _117_/A1 (sky130_fd_sc_hd__a311o_1)
                  0.10    0.55    4.81 v _117_/X (sky130_fd_sc_hd__a311o_1)
     1    0.00                           _056_ (net)
                  0.10    0.00    4.81 v _123_/A1 (sky130_fd_sc_hd__a311oi_1)
                  0.37    0.42    5.23 ^ _123_/Y (sky130_fd_sc_hd__a311oi_1)
     1    0.00                           _003_ (net)
                  0.37    0.00    5.23 ^ _127_/D (sky130_fd_sc_hd__dfxtp_1)
                                  5.23   data arrival time

                         10.00   10.00   clock clk (rise edge)
                          0.00   10.00   clock source latency
                  0.10    0.06   10.06 ^ clk (in)
     1    0.01                           clk (net)
                  0.10    0.00   10.06 ^ clkbuf_0_clk/A (sky130_fd_sc_hd__clkbuf_16)
                  0.07    0.23   10.29 ^ clkbuf_0_clk/X (sky130_fd_sc_hd__clkbuf_16)
     2    0.02                           clknet_0_clk (net)
                  0.07    0.00   10.29 ^ clkbuf_1_1__f_clk/A (sky130_fd_sc_hd__clkbuf_16)
                  0.05    0.19   10.48 ^ clkbuf_1_1__f_clk/X (sky130_fd_sc_hd__clkbuf_16)
     2    0.01                           clknet_1_1__leaf_clk (net)
                  0.05    0.00   10.48 ^ _127_/CLK (sky130_fd_sc_hd__dfxtp_1)
                         -0.25   10.23   clock uncertainty
                          0.00   10.23   clock reconvergence pessimism
                         -0.21   10.02   library setup time
                                 10.02   data required time
-----------------------------------------------------------------------------
                                 10.02   data required time
                                 -5.23   data arrival time
-----------------------------------------------------------------------------
                                  4.80   slack (MET)


Startpoint: B[0] (input port clocked by clk)
Endpoint: _126_ (rising edge-triggered flip-flop clocked by clk)
Path Group: clk
Path Type: max
Corner: Slowest

Fanout     Cap    Slew   Delay    Time   Description
-----------------------------------------------------------------------------
                          0.00    0.00   clock clk (rise edge)
                          0.00    0.00   clock network delay (propagated)
                          2.00    2.00 v input external delay
                  0.02    0.01    2.01 v B[0] (in)
     1    0.00                           B[0] (net)
                  0.02    0.00    2.01 v input5/A (sky130_fd_sc_hd__clkbuf_2)
                  0.17    0.28    2.29 v input5/X (sky130_fd_sc_hd__clkbuf_2)
     7    0.02                           net5 (net)
                  0.17    0.00    2.29 v _096_/A (sky130_fd_sc_hd__or2_1)
                  0.16    0.64    2.93 v _096_/X (sky130_fd_sc_hd__or2_1)
     3    0.01                           _036_ (net)
                  0.16    0.00    2.93 v _098_/C (sky130_fd_sc_hd__and3_1)
                  0.14    0.50    3.43 v _098_/X (sky130_fd_sc_hd__and3_1)
     3    0.01                           _038_ (net)
                  0.14    0.00    3.43 v _100_/C (sky130_fd_sc_hd__nor3_1)
                  0.59    0.53    3.96 ^ _100_/Y (sky130_fd_sc_hd__nor3_1)
     3    0.01                           _040_ (net)
                  0.59    0.00    3.96 ^ _101_/B (sky130_fd_sc_hd__nor2_1)
                  0.14    0.26    4.22 v _101_/Y (sky130_fd_sc_hd__nor2_1)
     1    0.00                           _041_ (net)
                  0.14    0.00    4.22 v _102_/B (sky130_fd_sc_hd__xnor2_1)
                  0.23    0.28    4.50 ^ _102_/Y (sky130_fd_sc_hd__xnor2_1)
     1    0.00                           _042_ (net)
                  0.23    0.00    4.50 ^ _106_/A2 (sky130_fd_sc_hd__a21oi_1)
                  0.10    0.20    4.71 v _106_/Y (sky130_fd_sc_hd__a21oi_1)
     1    0.00                           _046_ (net)
                  0.10    0.00    4.71 v _108_/A3 (sky130_fd_sc_hd__a311oi_1)
                  0.32    0.45    5.16 ^ _108_/Y (sky130_fd_sc_hd__a311oi_1)
     1    0.00                           _002_ (net)
                  0.32    0.00    5.16 ^ _126_/D (sky130_fd_sc_hd__dfxtp_1)
                                  5.16   data arrival time

                         10.00   10.00   clock clk (rise edge)
                          0.00   10.00   clock source latency
                  0.10    0.06   10.06 ^ clk (in)
     1    0.01                           clk (net)
                  0.10    0.00   10.06 ^ clkbuf_0_clk/A (sky130_fd_sc_hd__clkbuf_16)
                  0.07    0.23   10.29 ^ clkbuf_0_clk/X (sky130_fd_sc_hd__clkbuf_16)
     2    0.02                           clknet_0_clk (net)
                  0.07    0.00   10.29 ^ clkbuf_1_1__f_clk/A (sky130_fd_sc_hd__clkbuf_16)
                  0.05    0.19   10.48 ^ clkbuf_1_1__f_clk/X (sky130_fd_sc_hd__clkbuf_16)
     2    0.01                           clknet_1_1__leaf_clk (net)
                  0.05    0.00   10.48 ^ _126_/CLK (sky130_fd_sc_hd__dfxtp_1)
                         -0.25   10.23   clock uncertainty
                          0.00   10.23   clock reconvergence pessimism
                         -0.20   10.04   library setup time
                                 10.04   data required time
-----------------------------------------------------------------------------
                                 10.04   data required time
                                 -5.16   data arrival time
-----------------------------------------------------------------------------
                                  4.87   slack (MET)


Startpoint: sel[1] (input port clocked by clk)
Endpoint: _124_ (rising edge-triggered flip-flop clocked by clk)
Path Group: clk
Path Type: max
Corner: Slowest

Fanout     Cap    Slew   Delay    Time   Description
-----------------------------------------------------------------------------
                          0.00    0.00   clock clk (rise edge)
                          0.00    0.00   clock network delay (propagated)
                          2.00    2.00 v input external delay
                  0.02    0.01    2.01 v sel[1] (in)
     1    0.00                           sel[1] (net)
                  0.02    0.00    2.01 v input11/A (sky130_fd_sc_hd__buf_1)
                  0.18    0.25    2.26 v input11/X (sky130_fd_sc_hd__buf_1)
     3    0.01                           net11 (net)
                  0.18    0.00    2.26 v _063_/A (sky130_fd_sc_hd__buf_2)
                  0.14    0.40    2.66 v _063_/X (sky130_fd_sc_hd__buf_2)
    10    0.03                           _005_ (net)
                  0.14    0.00    2.66 v _065_/B_N (sky130_fd_sc_hd__or2b_1)
                  0.13    0.39    3.04 ^ _065_/X (sky130_fd_sc_hd__or2b_1)
     2    0.01                           _007_ (net)
                  0.13    0.00    3.04 ^ _067_/B1 (sky130_fd_sc_hd__a22oi_1)
                  0.13    0.16    3.20 v _067_/Y (sky130_fd_sc_hd__a22oi_1)
     1    0.00                           _009_ (net)
                  0.13    0.00    3.20 v _068_/B2 (sky130_fd_sc_hd__o22a_1)
                  0.08    0.34    3.54 v _068_/X (sky130_fd_sc_hd__o22a_1)
     1    0.00                           _010_ (net)
                  0.08    0.00    3.54 v _074_/A (sky130_fd_sc_hd__or3b_1)
                  0.13    0.87    4.41 v _074_/X (sky130_fd_sc_hd__or3b_1)
     1    0.00                           _016_ (net)
                  0.13    0.00    4.41 v _076_/B (sky130_fd_sc_hd__and3b_1)
                  0.07    0.37    4.78 v _076_/X (sky130_fd_sc_hd__and3b_1)
     1    0.00                           _018_ (net)
                  0.07    0.00    4.78 v _077_/A (sky130_fd_sc_hd__clkbuf_1)
                  0.04    0.16    4.94 v _077_/X (sky130_fd_sc_hd__clkbuf_1)
     1    0.00                           _000_ (net)
                  0.04    0.00    4.94 v _124_/D (sky130_fd_sc_hd__dfxtp_1)
                                  4.94   data arrival time

                         10.00   10.00   clock clk (rise edge)
                          0.00   10.00   clock source latency
                  0.10    0.06   10.06 ^ clk (in)
     1    0.01                           clk (net)
                  0.10    0.00   10.06 ^ clkbuf_0_clk/A (sky130_fd_sc_hd__clkbuf_16)
                  0.07    0.23   10.29 ^ clkbuf_0_clk/X (sky130_fd_sc_hd__clkbuf_16)
     2    0.02                           clknet_0_clk (net)
                  0.07    0.00   10.29 ^ clkbuf_1_0__f_clk/A (sky130_fd_sc_hd__clkbuf_16)
                  0.05    0.19   10.48 ^ clkbuf_1_0__f_clk/X (sky130_fd_sc_hd__clkbuf_16)
     2    0.01                           clknet_1_0__leaf_clk (net)
                  0.05    0.00   10.48 ^ _124_/CLK (sky130_fd_sc_hd__dfxtp_1)
                         -0.25   10.23   clock uncertainty
                          0.00   10.23   clock reconvergence pessimism
                         -0.26    9.97   library setup time
                                  9.97   data required time
-----------------------------------------------------------------------------
                                  9.97   data required time
                                 -4.94   data arrival time
-----------------------------------------------------------------------------
                                  5.03   slack (MET)


Startpoint: _127_ (rising edge-triggered flip-flop clocked by clk)
Endpoint: result[3] (output port clocked by clk)
Path Group: clk
Path Type: max
Corner: Slowest

Fanout     Cap    Slew   Delay    Time   Description
-----------------------------------------------------------------------------
                          0.00    0.00   clock clk (rise edge)
                          0.00    0.00   clock source latency
                  0.10    0.07    0.07 ^ clk (in)
     1    0.01                           clk (net)
                  0.10    0.00    0.07 ^ clkbuf_0_clk/A (sky130_fd_sc_hd__clkbuf_16)
                  0.07    0.25    0.32 ^ clkbuf_0_clk/X (sky130_fd_sc_hd__clkbuf_16)
     2    0.02                           clknet_0_clk (net)
                  0.07    0.00    0.32 ^ clkbuf_1_1__f_clk/A (sky130_fd_sc_hd__clkbuf_16)
                  0.05    0.21    0.53 ^ clkbuf_1_1__f_clk/X (sky130_fd_sc_hd__clkbuf_16)
     2    0.01                           clknet_1_1__leaf_clk (net)
                  0.05    0.00    0.53 ^ _127_/CLK (sky130_fd_sc_hd__dfxtp_1)
                  0.08    0.65    1.19 ^ _127_/Q (sky130_fd_sc_hd__dfxtp_1)
     1    0.00                           net16 (net)
                  0.08    0.00    1.19 ^ output16/A (sky130_fd_sc_hd__clkbuf_4)
                  0.18    0.35    1.54 ^ output16/X (sky130_fd_sc_hd__clkbuf_4)
     1    0.03                           result[3] (net)
                  0.18    0.00    1.54 ^ result[3] (out)
                                  1.54   data arrival time

                         10.00   10.00   clock clk (rise edge)
                          0.00   10.00   clock network delay (propagated)
                         -0.25    9.75   clock uncertainty
                          0.00    9.75   clock reconvergence pessimism
                         -2.00    7.75   output external delay
                                  7.75   data required time
-----------------------------------------------------------------------------
                                  7.75   data required time
                                 -1.54   data arrival time
-----------------------------------------------------------------------------
                                  6.21   slack (MET)


Startpoint: _126_ (rising edge-triggered flip-flop clocked by clk)
Endpoint: result[2] (output port clocked by clk)
Path Group: clk
Path Type: max
Corner: Slowest

Fanout     Cap    Slew   Delay    Time   Description
-----------------------------------------------------------------------------
                          0.00    0.00   clock clk (rise edge)
                          0.00    0.00   clock source latency
                  0.10    0.07    0.07 ^ clk (in)
     1    0.01                           clk (net)
                  0.10    0.00    0.07 ^ clkbuf_0_clk/A (sky130_fd_sc_hd__clkbuf_16)
                  0.07    0.25    0.32 ^ clkbuf_0_clk/X (sky130_fd_sc_hd__clkbuf_16)
     2    0.02                           clknet_0_clk (net)
                  0.07    0.00    0.32 ^ clkbuf_1_1__f_clk/A (sky130_fd_sc_hd__clkbuf_16)
                  0.05    0.21    0.53 ^ clkbuf_1_1__f_clk/X (sky130_fd_sc_hd__clkbuf_16)
     2    0.01                           clknet_1_1__leaf_clk (net)
                  0.05    0.00    0.53 ^ _126_/CLK (sky130_fd_sc_hd__dfxtp_1)
                  0.08    0.65    1.19 ^ _126_/Q (sky130_fd_sc_hd__dfxtp_1)
     1    0.00                           net15 (net)
                  0.08    0.00    1.19 ^ output15/A (sky130_fd_sc_hd__clkbuf_4)
                  0.18    0.35    1.53 ^ output15/X (sky130_fd_sc_hd__clkbuf_4)
     1    0.03                           result[2] (net)
                  0.18    0.00    1.53 ^ result[2] (out)
                                  1.53   data arrival time

                         10.00   10.00   clock clk (rise edge)
                          0.00   10.00   clock network delay (propagated)
                         -0.25    9.75   clock uncertainty
                          0.00    9.75   clock reconvergence pessimism
                         -2.00    7.75   output external delay
                                  7.75   data required time
-----------------------------------------------------------------------------
                                  7.75   data required time
                                 -1.53   data arrival time
-----------------------------------------------------------------------------
                                  6.22   slack (MET)


Startpoint: _124_ (rising edge-triggered flip-flop clocked by clk)
Endpoint: result[0] (output port clocked by clk)
Path Group: clk
Path Type: max
Corner: Slowest

Fanout     Cap    Slew   Delay    Time   Description
-----------------------------------------------------------------------------
                          0.00    0.00   clock clk (rise edge)
                          0.00    0.00   clock source latency
                  0.10    0.07    0.07 ^ clk (in)
     1    0.01                           clk (net)
                  0.10    0.00    0.07 ^ clkbuf_0_clk/A (sky130_fd_sc_hd__clkbuf_16)
                  0.07    0.25    0.32 ^ clkbuf_0_clk/X (sky130_fd_sc_hd__clkbuf_16)
     2    0.02                           clknet_0_clk (net)
                  0.07    0.00    0.32 ^ clkbuf_1_0__f_clk/A (sky130_fd_sc_hd__clkbuf_16)
                  0.05    0.21    0.53 ^ clkbuf_1_0__f_clk/X (sky130_fd_sc_hd__clkbuf_16)
     2    0.01                           clknet_1_0__leaf_clk (net)
                  0.05    0.00    0.53 ^ _124_/CLK (sky130_fd_sc_hd__dfxtp_1)
                  0.06    0.63    1.17 ^ _124_/Q (sky130_fd_sc_hd__dfxtp_1)
     1    0.00                           net13 (net)
                  0.06    0.00    1.17 ^ output13/A (sky130_fd_sc_hd__buf_2)
                  0.27    0.35    1.52 ^ output13/X (sky130_fd_sc_hd__buf_2)
     1    0.03                           result[0] (net)
                  0.27    0.00    1.52 ^ result[0] (out)
                                  1.52   data arrival time

                         10.00   10.00   clock clk (rise edge)
                          0.00   10.00   clock network delay (propagated)
                         -0.25    9.75   clock uncertainty
                          0.00    9.75   clock reconvergence pessimism
                         -2.00    7.75   output external delay
                                  7.75   data required time
-----------------------------------------------------------------------------
                                  7.75   data required time
                                 -1.52   data arrival time
-----------------------------------------------------------------------------
                                  6.23   slack (MET)


Startpoint: _125_ (rising edge-triggered flip-flop clocked by clk)
Endpoint: result[1] (output port clocked by clk)
Path Group: clk
Path Type: max
Corner: Slowest

Fanout     Cap    Slew   Delay    Time   Description
-----------------------------------------------------------------------------
                          0.00    0.00   clock clk (rise edge)
                          0.00    0.00   clock source latency
                  0.10    0.07    0.07 ^ clk (in)
     1    0.01                           clk (net)
                  0.10    0.00    0.07 ^ clkbuf_0_clk/A (sky130_fd_sc_hd__clkbuf_16)
                  0.07    0.25    0.32 ^ clkbuf_0_clk/X (sky130_fd_sc_hd__clkbuf_16)
     2    0.02                           clknet_0_clk (net)
                  0.07    0.00    0.32 ^ clkbuf_1_0__f_clk/A (sky130_fd_sc_hd__clkbuf_16)
                  0.05    0.21    0.53 ^ clkbuf_1_0__f_clk/X (sky130_fd_sc_hd__clkbuf_16)
     2    0.01                           clknet_1_0__leaf_clk (net)
                  0.05    0.00    0.53 ^ _125_/CLK (sky130_fd_sc_hd__dfxtp_1)
                  0.07    0.64    1.18 ^ _125_/Q (sky130_fd_sc_hd__dfxtp_1)
     1    0.00                           net14 (net)
                  0.07    0.00    1.18 ^ output14/A (sky130_fd_sc_hd__clkbuf_4)
                  0.18    0.34    1.52 ^ output14/X (sky130_fd_sc_hd__clkbuf_4)
     1    0.03                           result[1] (net)
                  0.18    0.00    1.52 ^ result[1] (out)
                                  1.52   data arrival time

                         10.00   10.00   clock clk (rise edge)
                          0.00   10.00   clock network delay (propagated)
                         -0.25    9.75   clock uncertainty
                          0.00    9.75   clock reconvergence pessimism
                         -2.00    7.75   output external delay
                                  7.75   data required time
-----------------------------------------------------------------------------
                                  7.75   data required time
                                 -1.52   data arrival time
-----------------------------------------------------------------------------
                                  6.23   slack (MET)



======================= Typical Corner ===================================

Startpoint: sel[2] (input port clocked by clk)
Endpoint: _127_ (rising edge-triggered flip-flop clocked by clk)
Path Group: clk
Path Type: max
Corner: Typical

Fanout     Cap    Slew   Delay    Time   Description
-----------------------------------------------------------------------------
                          0.00    0.00   clock clk (rise edge)
                          0.00    0.00   clock network delay (propagated)
                          2.00    2.00 v input external delay
                  0.01    0.00    2.00 v sel[2] (in)
     1    0.00                           sel[2] (net)
                  0.01    0.00    2.00 v input12/A (sky130_fd_sc_hd__buf_1)
                  0.05    0.10    2.10 v input12/X (sky130_fd_sc_hd__buf_1)
     3    0.01                           net12 (net)
                  0.05    0.00    2.10 v _080_/A_N (sky130_fd_sc_hd__nand3b_2)
                  0.13    0.27    2.38 v _080_/Y (sky130_fd_sc_hd__nand3b_2)
     5    0.02                           _021_ (net)
                  0.13    0.00    2.38 v _081_/A2 (sky130_fd_sc_hd__a21bo_1)
                  0.04    0.23    2.61 v _081_/X (sky130_fd_sc_hd__a21bo_1)
     2    0.00                           _022_ (net)
                  0.04    0.00    2.61 v _084_/A1 (sky130_fd_sc_hd__a21o_1)
                  0.05    0.18    2.79 v _084_/X (sky130_fd_sc_hd__a21o_1)
     2    0.01                           _025_ (net)
                  0.05    0.00    2.79 v _095_/A1 (sky130_fd_sc_hd__a21oi_2)
                  0.20    0.22    3.01 ^ _095_/Y (sky130_fd_sc_hd__a21oi_2)
     3    0.01                           _035_ (net)
                  0.20    0.00    3.01 ^ _110_/A1 (sky130_fd_sc_hd__o21ai_1)
                  0.07    0.11    3.11 v _110_/Y (sky130_fd_sc_hd__o21ai_1)
     1    0.00                           _049_ (net)
                  0.07    0.00    3.11 v _117_/A1 (sky130_fd_sc_hd__a311o_1)
                  0.05    0.28    3.40 v _117_/X (sky130_fd_sc_hd__a311o_1)
     1    0.00                           _056_ (net)
                  0.05    0.00    3.40 v _123_/A1 (sky130_fd_sc_hd__a311oi_1)
                  0.23    0.24    3.63 ^ _123_/Y (sky130_fd_sc_hd__a311oi_1)
     1    0.00                           _003_ (net)
                  0.23    0.00    3.63 ^ _127_/D (sky130_fd_sc_hd__dfxtp_1)
                                  3.63   data arrival time

                         10.00   10.00   clock clk (rise edge)
                          0.00   10.00   clock source latency
                  0.07    0.04   10.04 ^ clk (in)
     1    0.01                           clk (net)
                  0.07    0.00   10.04 ^ clkbuf_0_clk/A (sky130_fd_sc_hd__clkbuf_16)
                  0.04    0.13   10.17 ^ clkbuf_0_clk/X (sky130_fd_sc_hd__clkbuf_16)
     2    0.02                           clknet_0_clk (net)
                  0.04    0.00   10.17 ^ clkbuf_1_1__f_clk/A (sky130_fd_sc_hd__clkbuf_16)
                  0.03    0.11   10.28 ^ clkbuf_1_1__f_clk/X (sky130_fd_sc_hd__clkbuf_16)
     2    0.01                           clknet_1_1__leaf_clk (net)
                  0.03    0.00   10.28 ^ _127_/CLK (sky130_fd_sc_hd__dfxtp_1)
                         -0.25   10.03   clock uncertainty
                          0.00   10.03   clock reconvergence pessimism
                         -0.10    9.93   library setup time
                                  9.93   data required time
-----------------------------------------------------------------------------
                                  9.93   data required time
                                 -3.63   data arrival time
-----------------------------------------------------------------------------
                                  6.30   slack (MET)


Startpoint: sel[2] (input port clocked by clk)
Endpoint: _125_ (rising edge-triggered flip-flop clocked by clk)
Path Group: clk
Path Type: max
Corner: Typical

Fanout     Cap    Slew   Delay    Time   Description
-----------------------------------------------------------------------------
                          0.00    0.00   clock clk (rise edge)
                          0.00    0.00   clock network delay (propagated)
                          2.00    2.00 v input external delay
                  0.01    0.00    2.00 v sel[2] (in)
     1    0.00                           sel[2] (net)
                  0.01    0.00    2.00 v input12/A (sky130_fd_sc_hd__buf_1)
                  0.05    0.10    2.10 v input12/X (sky130_fd_sc_hd__buf_1)
     3    0.01                           net12 (net)
                  0.05    0.00    2.10 v _080_/A_N (sky130_fd_sc_hd__nand3b_2)
                  0.13    0.27    2.38 v _080_/Y (sky130_fd_sc_hd__nand3b_2)
     5    0.02                           _021_ (net)
                  0.13    0.00    2.38 v _081_/A2 (sky130_fd_sc_hd__a21bo_1)
                  0.04    0.23    2.61 v _081_/X (sky130_fd_sc_hd__a21bo_1)
     2    0.00                           _022_ (net)
                  0.04    0.00    2.61 v _083_/B (sky130_fd_sc_hd__and3_1)
                  0.06    0.19    2.80 v _083_/X (sky130_fd_sc_hd__and3_1)
     2    0.01                           _024_ (net)
                  0.06    0.00    2.80 v _085_/A (sky130_fd_sc_hd__or2b_1)
                  0.06    0.25    3.05 v _085_/X (sky130_fd_sc_hd__or2b_1)
     1    0.01                           _026_ (net)
                  0.06    0.00    3.05 v _087_/A (sky130_fd_sc_hd__xnor2_1)
                  0.17    0.20    3.25 ^ _087_/Y (sky130_fd_sc_hd__xnor2_1)
     1    0.01                           _028_ (net)
                  0.17    0.00    3.25 ^ _091_/A2 (sky130_fd_sc_hd__a21oi_1)
                  0.06    0.10    3.35 v _091_/Y (sky130_fd_sc_hd__a21oi_1)
     1    0.00                           _032_ (net)
                  0.06    0.00    3.35 v _093_/A3 (sky130_fd_sc_hd__a311oi_1)
                  0.21    0.27    3.63 ^ _093_/Y (sky130_fd_sc_hd__a311oi_1)
     1    0.00                           _001_ (net)
                  0.21    0.00    3.63 ^ _125_/D (sky130_fd_sc_hd__dfxtp_1)
                                  3.63   data arrival time

                         10.00   10.00   clock clk (rise edge)
                          0.00   10.00   clock source latency
                  0.07    0.04   10.04 ^ clk (in)
     1    0.01                           clk (net)
                  0.07    0.00   10.04 ^ clkbuf_0_clk/A (sky130_fd_sc_hd__clkbuf_16)
                  0.04    0.13   10.17 ^ clkbuf_0_clk/X (sky130_fd_sc_hd__clkbuf_16)
     2    0.02                           clknet_0_clk (net)
                  0.04    0.00   10.17 ^ clkbuf_1_0__f_clk/A (sky130_fd_sc_hd__clkbuf_16)
                  0.03    0.11   10.28 ^ clkbuf_1_0__f_clk/X (sky130_fd_sc_hd__clkbuf_16)
     2    0.01                           clknet_1_0__leaf_clk (net)
                  0.03    0.00   10.28 ^ _125_/CLK (sky130_fd_sc_hd__dfxtp_1)
                         -0.25   10.03   clock uncertainty
                          0.00   10.03   clock reconvergence pessimism
                         -0.09    9.93   library setup time
                                  9.93   data required time
-----------------------------------------------------------------------------
                                  9.93   data required time
                                 -3.63   data arrival time
-----------------------------------------------------------------------------
                                  6.30   slack (MET)


Startpoint: B[0] (input port clocked by clk)
Endpoint: _126_ (rising edge-triggered flip-flop clocked by clk)
Path Group: clk
Path Type: max
Corner: Typical

Fanout     Cap    Slew   Delay    Time   Description
-----------------------------------------------------------------------------
                          0.00    0.00   clock clk (rise edge)
                          0.00    0.00   clock network delay (propagated)
                          2.00    2.00 v input external delay
                  0.01    0.00    2.00 v B[0] (in)
     1    0.00                           B[0] (net)
                  0.01    0.00    2.00 v input5/A (sky130_fd_sc_hd__clkbuf_2)
                  0.10    0.15    2.16 v input5/X (sky130_fd_sc_hd__clkbuf_2)
     7    0.02                           net5 (net)
                  0.10    0.00    2.16 v _096_/A (sky130_fd_sc_hd__or2_1)
                  0.08    0.29    2.45 v _096_/X (sky130_fd_sc_hd__or2_1)
     3    0.01                           _036_ (net)
                  0.08    0.00    2.45 v _098_/C (sky130_fd_sc_hd__and3_1)
                  0.07    0.24    2.69 v _098_/X (sky130_fd_sc_hd__and3_1)
     3    0.01                           _038_ (net)
                  0.07    0.00    2.69 v _100_/C (sky130_fd_sc_hd__nor3_1)
                  0.35    0.30    2.99 ^ _100_/Y (sky130_fd_sc_hd__nor3_1)
     3    0.01                           _040_ (net)
                  0.35    0.00    2.99 ^ _101_/B (sky130_fd_sc_hd__nor2_1)
                  0.08    0.10    3.08 v _101_/Y (sky130_fd_sc_hd__nor2_1)
     1    0.00                           _041_ (net)
                  0.08    0.00    3.08 v _102_/B (sky130_fd_sc_hd__xnor2_1)
                  0.14    0.16    3.25 ^ _102_/Y (sky130_fd_sc_hd__xnor2_1)
     1    0.00                           _042_ (net)
                  0.14    0.00    3.25 ^ _106_/A2 (sky130_fd_sc_hd__a21oi_1)
                  0.05    0.09    3.34 v _106_/Y (sky130_fd_sc_hd__a21oi_1)
     1    0.00                           _046_ (net)
                  0.05    0.00    3.34 v _108_/A3 (sky130_fd_sc_hd__a311oi_1)
                  0.20    0.26    3.60 ^ _108_/Y (sky130_fd_sc_hd__a311oi_1)
     1    0.00                           _002_ (net)
                  0.20    0.00    3.60 ^ _126_/D (sky130_fd_sc_hd__dfxtp_1)
                                  3.60   data arrival time

                         10.00   10.00   clock clk (rise edge)
                          0.00   10.00   clock source latency
                  0.07    0.04   10.04 ^ clk (in)
     1    0.01                           clk (net)
                  0.07    0.00   10.04 ^ clkbuf_0_clk/A (sky130_fd_sc_hd__clkbuf_16)
                  0.04    0.13   10.17 ^ clkbuf_0_clk/X (sky130_fd_sc_hd__clkbuf_16)
     2    0.02                           clknet_0_clk (net)
                  0.04    0.00   10.17 ^ clkbuf_1_1__f_clk/A (sky130_fd_sc_hd__clkbuf_16)
                  0.03    0.11   10.28 ^ clkbuf_1_1__f_clk/X (sky130_fd_sc_hd__clkbuf_16)
     2    0.01                           clknet_1_1__leaf_clk (net)
                  0.03    0.00   10.28 ^ _126_/CLK (sky130_fd_sc_hd__dfxtp_1)
                         -0.25   10.03   clock uncertainty
                          0.00   10.03   clock reconvergence pessimism
                         -0.09    9.93   library setup time
                                  9.93   data required time
-----------------------------------------------------------------------------
                                  9.93   data required time
                                 -3.60   data arrival time
-----------------------------------------------------------------------------
                                  6.34   slack (MET)


Startpoint: sel[1] (input port clocked by clk)
Endpoint: _124_ (rising edge-triggered flip-flop clocked by clk)
Path Group: clk
Path Type: max
Corner: Typical

Fanout     Cap    Slew   Delay    Time   Description
-----------------------------------------------------------------------------
                          0.00    0.00   clock clk (rise edge)
                          0.00    0.00   clock network delay (propagated)
                          2.00    2.00 v input external delay
                  0.01    0.01    2.01 v sel[1] (in)
     1    0.00                           sel[1] (net)
                  0.01    0.00    2.01 v input11/A (sky130_fd_sc_hd__buf_1)
                  0.09    0.13    2.14 v input11/X (sky130_fd_sc_hd__buf_1)
     3    0.01                           net11 (net)
                  0.09    0.00    2.14 v _063_/A (sky130_fd_sc_hd__buf_2)
                  0.08    0.20    2.34 v _063_/X (sky130_fd_sc_hd__buf_2)
    10    0.03                           _005_ (net)
                  0.08    0.00    2.34 v _065_/B_N (sky130_fd_sc_hd__or2b_1)
                  0.08    0.20    2.54 ^ _065_/X (sky130_fd_sc_hd__or2b_1)
     2    0.01                           _007_ (net)
                  0.08    0.00    2.54 ^ _067_/B1 (sky130_fd_sc_hd__a22oi_1)
                  0.06    0.07    2.62 v _067_/Y (sky130_fd_sc_hd__a22oi_1)
     1    0.00                           _009_ (net)
                  0.06    0.00    2.62 v _068_/B2 (sky130_fd_sc_hd__o22a_1)
                  0.04    0.16    2.78 v _068_/X (sky130_fd_sc_hd__o22a_1)
     1    0.00                           _010_ (net)
                  0.04    0.00    2.78 v _074_/A (sky130_fd_sc_hd__or3b_1)
                  0.06    0.37    3.15 v _074_/X (sky130_fd_sc_hd__or3b_1)
     1    0.00                           _016_ (net)
                  0.06    0.00    3.15 v _076_/B (sky130_fd_sc_hd__and3b_1)
                  0.04    0.17    3.32 v _076_/X (sky130_fd_sc_hd__and3b_1)
     1    0.00                           _018_ (net)
                  0.04    0.00    3.32 v _077_/A (sky130_fd_sc_hd__clkbuf_1)
                  0.02    0.08    3.40 v _077_/X (sky130_fd_sc_hd__clkbuf_1)
     1    0.00                           _000_ (net)
                  0.02    0.00    3.40 v _124_/D (sky130_fd_sc_hd__dfxtp_1)
                                  3.40   data arrival time

                         10.00   10.00   clock clk (rise edge)
                          0.00   10.00   clock source latency
                  0.07    0.04   10.04 ^ clk (in)
     1    0.01                           clk (net)
                  0.07    0.00   10.04 ^ clkbuf_0_clk/A (sky130_fd_sc_hd__clkbuf_16)
                  0.04    0.13   10.17 ^ clkbuf_0_clk/X (sky130_fd_sc_hd__clkbuf_16)
     2    0.02                           clknet_0_clk (net)
                  0.04    0.00   10.17 ^ clkbuf_1_0__f_clk/A (sky130_fd_sc_hd__clkbuf_16)
                  0.03    0.11   10.28 ^ clkbuf_1_0__f_clk/X (sky130_fd_sc_hd__clkbuf_16)
     2    0.01                           clknet_1_0__leaf_clk (net)
                  0.03    0.00   10.28 ^ _124_/CLK (sky130_fd_sc_hd__dfxtp_1)
                         -0.25   10.03   clock uncertainty
                          0.00   10.03   clock reconvergence pessimism
                         -0.10    9.92   library setup time
                                  9.92   data required time
-----------------------------------------------------------------------------
                                  9.92   data required time
                                 -3.40   data arrival time
-----------------------------------------------------------------------------
                                  6.52   slack (MET)


Startpoint: _127_ (rising edge-triggered flip-flop clocked by clk)
Endpoint: result[3] (output port clocked by clk)
Path Group: clk
Path Type: max
Corner: Typical

Fanout     Cap    Slew   Delay    Time   Description
-----------------------------------------------------------------------------
                          0.00    0.00   clock clk (rise edge)
                          0.00    0.00   clock source latency
                  0.07    0.05    0.05 ^ clk (in)
     1    0.01                           clk (net)
                  0.07    0.00    0.05 ^ clkbuf_0_clk/A (sky130_fd_sc_hd__clkbuf_16)
                  0.04    0.14    0.19 ^ clkbuf_0_clk/X (sky130_fd_sc_hd__clkbuf_16)
     2    0.02                           clknet_0_clk (net)
                  0.04    0.00    0.19 ^ clkbuf_1_1__f_clk/A (sky130_fd_sc_hd__clkbuf_16)
                  0.03    0.12    0.31 ^ clkbuf_1_1__f_clk/X (sky130_fd_sc_hd__clkbuf_16)
     2    0.01                           clknet_1_1__leaf_clk (net)
                  0.03    0.00    0.31 ^ _127_/CLK (sky130_fd_sc_hd__dfxtp_1)
                  0.05    0.31    0.62 ^ _127_/Q (sky130_fd_sc_hd__dfxtp_1)
     1    0.00                           net16 (net)
                  0.05    0.00    0.62 ^ output16/A (sky130_fd_sc_hd__clkbuf_4)
                  0.11    0.20    0.82 ^ output16/X (sky130_fd_sc_hd__clkbuf_4)
     1    0.03                           result[3] (net)
                  0.11    0.00    0.82 ^ result[3] (out)
                                  0.82   data arrival time

                         10.00   10.00   clock clk (rise edge)
                          0.00   10.00   clock network delay (propagated)
                         -0.25    9.75   clock uncertainty
                          0.00    9.75   clock reconvergence pessimism
                         -2.00    7.75   output external delay
                                  7.75   data required time
-----------------------------------------------------------------------------
                                  7.75   data required time
                                 -0.82   data arrival time
-----------------------------------------------------------------------------
                                  6.93   slack (MET)


Startpoint: _126_ (rising edge-triggered flip-flop clocked by clk)
Endpoint: result[2] (output port clocked by clk)
Path Group: clk
Path Type: max
Corner: Typical

Fanout     Cap    Slew   Delay    Time   Description
-----------------------------------------------------------------------------
                          0.00    0.00   clock clk (rise edge)
                          0.00    0.00   clock source latency
                  0.07    0.05    0.05 ^ clk (in)
     1    0.01                           clk (net)
                  0.07    0.00    0.05 ^ clkbuf_0_clk/A (sky130_fd_sc_hd__clkbuf_16)
                  0.04    0.14    0.19 ^ clkbuf_0_clk/X (sky130_fd_sc_hd__clkbuf_16)
     2    0.02                           clknet_0_clk (net)
                  0.04    0.00    0.19 ^ clkbuf_1_1__f_clk/A (sky130_fd_sc_hd__clkbuf_16)
                  0.03    0.12    0.31 ^ clkbuf_1_1__f_clk/X (sky130_fd_sc_hd__clkbuf_16)
     2    0.01                           clknet_1_1__leaf_clk (net)
                  0.03    0.00    0.31 ^ _126_/CLK (sky130_fd_sc_hd__dfxtp_1)
                  0.04    0.31    0.62 ^ _126_/Q (sky130_fd_sc_hd__dfxtp_1)
     1    0.00                           net15 (net)
                  0.04    0.00    0.62 ^ output15/A (sky130_fd_sc_hd__clkbuf_4)
                  0.11    0.19    0.81 ^ output15/X (sky130_fd_sc_hd__clkbuf_4)
     1    0.03                           result[2] (net)
                  0.11    0.00    0.81 ^ result[2] (out)
                                  0.81   data arrival time

                         10.00   10.00   clock clk (rise edge)
                          0.00   10.00   clock network delay (propagated)
                         -0.25    9.75   clock uncertainty
                          0.00    9.75   clock reconvergence pessimism
                         -2.00    7.75   output external delay
                                  7.75   data required time
-----------------------------------------------------------------------------
                                  7.75   data required time
                                 -0.81   data arrival time
-----------------------------------------------------------------------------
                                  6.94   slack (MET)


Startpoint: _124_ (rising edge-triggered flip-flop clocked by clk)
Endpoint: result[0] (output port clocked by clk)
Path Group: clk
Path Type: max
Corner: Typical

Fanout     Cap    Slew   Delay    Time   Description
-----------------------------------------------------------------------------
                          0.00    0.00   clock clk (rise edge)
                          0.00    0.00   clock source latency
                  0.07    0.05    0.05 ^ clk (in)
     1    0.01                           clk (net)
                  0.07    0.00    0.05 ^ clkbuf_0_clk/A (sky130_fd_sc_hd__clkbuf_16)
                  0.04    0.14    0.19 ^ clkbuf_0_clk/X (sky130_fd_sc_hd__clkbuf_16)
     2    0.02                           clknet_0_clk (net)
                  0.04    0.00    0.19 ^ clkbuf_1_0__f_clk/A (sky130_fd_sc_hd__clkbuf_16)
                  0.03    0.12    0.31 ^ clkbuf_1_0__f_clk/X (sky130_fd_sc_hd__clkbuf_16)
     2    0.01                           clknet_1_0__leaf_clk (net)
                  0.03    0.00    0.31 ^ _124_/CLK (sky130_fd_sc_hd__dfxtp_1)
                  0.04    0.30    0.61 ^ _124_/Q (sky130_fd_sc_hd__dfxtp_1)
     1    0.00                           net13 (net)
                  0.04    0.00    0.61 ^ output13/A (sky130_fd_sc_hd__buf_2)
                  0.17    0.20    0.81 ^ output13/X (sky130_fd_sc_hd__buf_2)
     1    0.03                           result[0] (net)
                  0.17    0.00    0.81 ^ result[0] (out)
                                  0.81   data arrival time

                         10.00   10.00   clock clk (rise edge)
                          0.00   10.00   clock network delay (propagated)
                         -0.25    9.75   clock uncertainty
                          0.00    9.75   clock reconvergence pessimism
                         -2.00    7.75   output external delay
                                  7.75   data required time
-----------------------------------------------------------------------------
                                  7.75   data required time
                                 -0.81   data arrival time
-----------------------------------------------------------------------------
                                  6.94   slack (MET)


Startpoint: _125_ (rising edge-triggered flip-flop clocked by clk)
Endpoint: result[1] (output port clocked by clk)
Path Group: clk
Path Type: max
Corner: Typical

Fanout     Cap    Slew   Delay    Time   Description
-----------------------------------------------------------------------------
                          0.00    0.00   clock clk (rise edge)
                          0.00    0.00   clock source latency
                  0.07    0.05    0.05 ^ clk (in)
     1    0.01                           clk (net)
                  0.07    0.00    0.05 ^ clkbuf_0_clk/A (sky130_fd_sc_hd__clkbuf_16)
                  0.04    0.14    0.19 ^ clkbuf_0_clk/X (sky130_fd_sc_hd__clkbuf_16)
     2    0.02                           clknet_0_clk (net)
                  0.04    0.00    0.19 ^ clkbuf_1_0__f_clk/A (sky130_fd_sc_hd__clkbuf_16)
                  0.03    0.12    0.31 ^ clkbuf_1_0__f_clk/X (sky130_fd_sc_hd__clkbuf_16)
     2    0.01                           clknet_1_0__leaf_clk (net)
                  0.03    0.00    0.31 ^ _125_/CLK (sky130_fd_sc_hd__dfxtp_1)
                  0.04    0.31    0.61 ^ _125_/Q (sky130_fd_sc_hd__dfxtp_1)
     1    0.00                           net14 (net)
                  0.04    0.00    0.61 ^ output14/A (sky130_fd_sc_hd__clkbuf_4)
                  0.11    0.19    0.81 ^ output14/X (sky130_fd_sc_hd__clkbuf_4)
     1    0.03                           result[1] (net)
                  0.11    0.00    0.81 ^ result[1] (out)
                                  0.81   data arrival time

                         10.00   10.00   clock clk (rise edge)
                          0.00   10.00   clock network delay (propagated)
                         -0.25    9.75   clock uncertainty
                          0.00    9.75   clock reconvergence pessimism
                         -2.00    7.75   output external delay
                                  7.75   data required time
-----------------------------------------------------------------------------
                                  7.75   data required time
                                 -0.81   data arrival time
-----------------------------------------------------------------------------
                                  6.94   slack (MET)



